WARNING: using MitosisMode.LATCH_SCAN_CONFIDENCE_FLOOR in module Main conflicts with an existing identifier.
WARNING: using MitosisMode.THES_LATCH_WEIGHT in module Main conflicts with an existing identifier.
┌ Warning: [MAIN v9] Error journal observe! failed (non-fatal): SelfObserverArgumentError("tag must be one of [:relational, :timing, :meta, :lexical, :mood]", "tag")
└ @ Main /workspace/grugbot420/src/Main.jl:12557
┌ Warning: [MAIN v9] Error journal observe! failed (non-fatal): SelfObserverArgumentError("tag must be one of [:relational, :timing, :meta, :lexical, :mood]", "tag")
└ @ Main /workspace/grugbot420/src/Main.jl:12557
┌ Warning: [MAIN v9] Error journal observe! failed (non-fatal): SelfObserverArgumentError("tag must be one of [:relational, :timing, :meta, :lexical, :mood]", "tag")
└ @ Main /workspace/grugbot420/src/Main.jl:12557
┌ Warning: [MAIN v9] Error journal observe! failed (non-fatal): SelfObserverArgumentError("tag must be one of [:relational, :timing, :meta, :lexical, :mood]", "tag")
└ @ Main /workspace/grugbot420/src/Main.jl:12557
┌ Warning: [MAIN v9] Error journal observe! failed (non-fatal): SelfObserverArgumentError("tag must be one of [:relational, :timing, :meta, :lexical, :mood]", "tag")
└ @ Main /workspace/grugbot420/src/Main.jl:12557
┌ Warning: [MAIN v9] Error journal observe! failed (non-fatal): SelfObserverArgumentError("tag must be one of [:relational, :timing, :meta, :lexical, :mood]", "tag")
└ @ Main /workspace/grugbot420/src/Main.jl:12557
┌ Warning: [MAIN v9] Error journal observe! failed (non-fatal): SelfObserverArgumentError("tag must be one of [:relational, :timing, :meta, :lexical, :mood]", "tag")
└ @ Main /workspace/grugbot420/src/Main.jl:12557
ℹ️  Default specimen auto-load DISABLED (v7.24-restore). Use /loadSpecimen to restore state.
Growing initial map seeds with Stochastic Emotion Packets & Relational Gating...
  + lobe `default` created (subject: general thinking reasoning conversation greeting)
  + 3 boot seeds registered into `default` lobe
System Online. Grug waiting at cave entrance for instructions.
Primary  : /mission <input>                    (text or image binary)
Feedback : /wrong                              (penalize last response voters)
Explicit : /explicit <cmd> [<node_id>] <input>
Grow     : /grow <lobe_id> <json_packet>      (plant node(s) into a lobe)
         :   • <lobe_id> is required — use `-` for unassigned pool
         :   • Single node: {"pattern":"...","action_packet":"...","data":{...}}
         :   • Multi node:  {"nodes":[{...},{...}]}
         :   • `data.system_prompt` defaults to "Grug speaks plainly." if absent
Rules    : /addRule <rule text> [prob=0.0-1.0]
           Tags: {MISSION}, {PRIMARY_ACTION}, {SURE_ACTIONS}, {UNSURE_ACTIONS},
                 {ALL_ACTIONS}, {CONFIDENCE}, {NODE_ID}, {MEMORY}, {LOBE_CONTEXT}
Memory   : /pin <text>
Nodes    : /nodes                              (show node map status)
Status   : /status                             (show chatter + system status)
           /mitosisStatus                      (show mitosis growth status)
           /growthStatus                       (show growth automaton status)
           /autoGrowStatus                     (show live conversation auto-learning status)
           /autoLinkStatus                     (show evidence-based bridge linking status)
Arousal  : /arousal <0.0-1.0>                 (set eye system arousal level)
Verbs    : /addVerb <verb> <class>             (add verb to relation class)
         : /addRelationClass <name>            (create new verb class bucket)
         : /addSynonym <canonical> <alias>     (normalize alias->canonical)
         : /addSeedSynonym <canonical> <syn1 syn2 ...>  (thesaurus seed group)
         : /addRelRelation <name> <alt1 alt2 ...>  (dynamic relation sigil)
         : /addAntiMatch <pattern> [NONJITTER]  (anti-match confidence drain node)
         : /answer [@lobe_id] [:mode] <text>   (resolve strain — mode shapes the answer)
         : /antiAnswer [@lobe_id] [:mode] <text> (suppress strain — modes: alert, multi, json)
         : /listVerbs                          (show all verb classes + synonyms)
Hippo    : When cave is empty, system asks a question. Use /answer or
         : /antiAnswer to resolve. Modes shape how answers are stored:
         :   /answer @physics :explain energy is conserved
         :   /answer :math 2+2=4        /answer :multi part1 | part2
         :   /answer :relate fire | burns | wood
         :   /answer :time present | future
         :   /answer :proc step1; step2; step3
         :   /answer :json {...}        /answer energy is conserved
         : Modes: reason, explain, define, alert, comfort, math, multi, relate, proc, json
         : /antiAnswer modes: alert (default), multi, json
         : strain → ask → you answer → strain resolved.
Lobes    : /newLobe <id> <subject>             (create a new subject lobe)
         : /nameLobe <lobe_id> <name>          (give a lobe a human-readable name)
         : /connectLobes <id_a> <id_b>         (connect two lobes)
         : /lobeGrow <lobe_id> <json_packet>   (DEPRECATED — alias for /grow)
         : /lobes                              (list all lobes + node counts)
         : /tableStatus <lobe_id>              (show hash table chunks for a lobe)
         : /tableMatch <lobe_id> <chunk> <pat> (pattern-activate entries in chunk)
Thesaurus: /thesaurus <word1> | <word2>        (compare words/concepts dimensionally)
         : /thesaurus <w1> | <w2> :: <ctx1> :: <ctx2>  (with context lists)
NegThes  : /negativeThesaurus add|remove|list|check|flush
Bridge   : /nodeBridge <lobe> <n_a> <n_b> [seam...]  (bridge two nodes bidirectionally, max 4/node)
         : /nodeUnbridge <lobe> <n_a> <n_b>             (remove bidirectional bridge)
         : /nodeAttach / /nodeDetach                     (backward compat aliases)
ImgAttach: /imgnodeAttach <lobe> <tgt> <id> <b64> [w h] (attach image node with SDF-based fire)
         : /imgnodeDetach <lobe> <target> <id>         (detach image node from target)
         : /bridges                              (show all cascade bridges, also /attachments)
Crystal  : /crystalize <lobe> <n_a> <n_b>             (💎 mark bridge as sticky/user-locked, both sides)
         : /decrystalize <lobe> <n_a> <n_b>            (🔓 remove sticky flag, both sides, cross-lobe OK)
Specimen : /saveSpecimen <filepath>            (save full cave state — .json or .gz)
         : /loadSpecimen <filepath>            (restore full cave state — .json or .gz)
Help     : /help                               (full command reference)

╔══════════════════════════════════════════════════════════════════╗
║  SPECIMEN SEEDING GUIDE (read before /grow)                     ║
╠══════════════════════════════════════════════════════════════════╣
║  Automatic neighbor latching is SUPPRESSED below 1000 nodes.   ║
║  Below that threshold, YOU control topology via drop_table.     ║
║                                                                  ║
║  For a coherent specimen from the start:                        ║
║  1. Seed ORTHOGONAL archetypes first - distinct semantic poles. ║
║     Don't plant 50 near-identical nodes up front.               ║
║  2. Use required_relations as semantic GATES from day one.      ║
║     Nodes that demand specific verbs won't fire on noise.       ║
║  3. Name action_packets deliberately - distinct action families ║
║     give the superposition orchestrator something to work with. ║
║  4. Wire drop_tables manually for known co-activation pairs.    ║
║     Don't rely on the latch system to discover semantics.       ║
║  5. Your first ~100 nodes are the specimen's DNA.               ║
║     The engine enforces structure at scale (1000+ nodes).       ║
║     You enforce MEANING at the start.                           ║
╚══════════════════════════════════════════════════════════════════╝
[INPUT_LEDGER] 🧵  Background thread started. Watching for fresh input...
[CHATTER_RESIDUALS] 🔮  Background thread started. Mining chatter afterimages...

Brain > --> Grug thawing specimen from file...
!!! SYSTEM ERROR: ErrorException("!!! FATAL: /loadSpecimen validation failed with 1 error(s):\n  - Unknown top-level key 'coherence_config'\n!!! NO CHANGES MADE. Fix the specimen file and try again. !!!") !!!

Stacktrace:
 [1] error(s::String)
   @ Base ./error.jl:35
 [2] load_specimen_from_file!(filepath::String)
   @ Main /workspace/grugbot420/src/Main.jl:7309
 [3] run_cli()
   @ Main /workspace/grugbot420/src/Main.jl:11556
 [4] top-level scope
   @ /workspace/grugbot420/src/Main.jl:12566
 [5] include(mod::Module, _path::String)
   @ Base ./Base.jl:457
 [6] exec_options(opts::Base.JLOptions)
   @ Base ./client.jl:307
 [7] _start()
   @ Base ./client.jl:522

Brain > 
Brain > !!! SYSTEM ERROR: ErrorException("!!! FATAL: /nodeAttach: lobe 'physics' does not exist. Known lobes: [default]. !!!") !!!

Stacktrace:
 [1] error(s::String)
   @ Base ./error.jl:35
 [2] _assert_node_in_lobe(lobe_id::String, node_id::String, cmd::String)
   @ Main /workspace/grugbot420/src/Main.jl:9588
 [3] run_cli()
   @ Main /workspace/grugbot420/src/Main.jl:11658
 [4] top-level scope
   @ /workspace/grugbot420/src/Main.jl:12566
 [5] include(mod::Module, _path::String)
   @ Base ./Base.jl:457
 [6] exec_options(opts::Base.JLOptions)
   @ Base ./client.jl:307
 [7] _start()
   @ Base ./client.jl:522

Brain > !!! SYSTEM ERROR: ErrorException("!!! FATAL: /nodeAttach: lobe 'music' does not exist. Known lobes: [default]. !!!") !!!

Stacktrace:
 [1] error(s::String)
   @ Base ./error.jl:35
 [2] _assert_node_in_lobe(lobe_id::String, node_id::String, cmd::String)
   @ Main /workspace/grugbot420/src/Main.jl:9588
 [3] run_cli()
   @ Main /workspace/grugbot420/src/Main.jl:11658
 [4] top-level scope
   @ /workspace/grugbot420/src/Main.jl:12566
 [5] include(mod::Module, _path::String)
   @ Base ./Base.jl:457
 [6] exec_options(opts::Base.JLOptions)
   @ Base ./client.jl:307
 [7] _start()
   @ Base ./client.jl:522

Brain > !!! SYSTEM ERROR: ErrorException("!!! FATAL: /nodeAttach: lobe 'vision' does not exist. Known lobes: [default]. !!!") !!!

Stacktrace:
 [1] error(s::String)
   @ Base ./error.jl:35
 [2] _assert_node_in_lobe(lobe_id::String, node_id::String, cmd::String)
   @ Main /workspace/grugbot420/src/Main.jl:9588
 [3] run_cli()
   @ Main /workspace/grugbot420/src/Main.jl:11658
 [4] top-level scope
   @ /workspace/grugbot420/src/Main.jl:12566
 [5] include(mod::Module, _path::String)
   @ Base ./Base.jl:457
 [6] exec_options(opts::Base.JLOptions)
   @ Base ./client.jl:307
 [7] _start()
   @ Base ./client.jl:522

Brain > !!! SYSTEM ERROR: ErrorException("!!! FATAL: /nodeAttach: lobe 'physics' does not exist. Known lobes: [default]. !!!") !!!

Stacktrace:
 [1] error(s::String)
   @ Base ./error.jl:35
 [2] _assert_node_in_lobe(lobe_id::String, node_id::String, cmd::String)
   @ Main /workspace/grugbot420/src/Main.jl:9588
 [3] run_cli()
   @ Main /workspace/grugbot420/src/Main.jl:11658
 [4] top-level scope
   @ /workspace/grugbot420/src/Main.jl:12566
 [5] include(mod::Module, _path::String)
   @ Base ./Base.jl:457
 [6] exec_options(opts::Base.JLOptions)
   @ Base ./client.jl:307
 [7] _start()
   @ Base ./client.jl:522

Brain > 
Brain > !!! SYSTEM ERROR: ErrorException("!!! FATAL: /crystalize: lobe 'physics' does not exist. Known lobes: [default]. !!!") !!!

Stacktrace:
 [1] error(s::String)
   @ Base ./error.jl:35
 [2] _assert_node_in_lobe(lobe_id::String, node_id::String, cmd::String)
   @ Main /workspace/grugbot420/src/Main.jl:9588
 [3] run_cli()
   @ Main /workspace/grugbot420/src/Main.jl:11793
 [4] top-level scope
   @ /workspace/grugbot420/src/Main.jl:12566
 [5] include(mod::Module, _path::String)
   @ Base ./Base.jl:457
 [6] exec_options(opts::Base.JLOptions)
   @ Base ./client.jl:307
 [7] _start()
   @ Base ./client.jl:522

Brain > 
Brain > !!! SYSTEM ERROR: ErrorException("!!! FATAL: /imgnodeAttach: lobe 'vision' does not exist. Known lobes: [default]. !!!") !!!

Stacktrace:
 [1] error(s::String)
   @ Base ./error.jl:35
 [2] _assert_node_in_lobe(lobe_id::String, node_id::String, cmd::String)
   @ Main /workspace/grugbot420/src/Main.jl:9588
 [3] run_cli()
   @ Main /workspace/grugbot420/src/Main.jl:11739
 [4] top-level scope
   @ /workspace/grugbot420/src/Main.jl:12566
 [5] include(mod::Module, _path::String)
   @ Base ./Base.jl:457
 [6] exec_options(opts::Base.JLOptions)
   @ Base ./client.jl:307
 [7] _start()
   @ Base ./client.jl:522

Brain > 
Brain > [BRIDGE MAP EMPTY]

Brain > === LOBE REGISTRY (1 lobes, 3 nodes indexed) ===
  default | subject='general thinking reasoning conversation greeting' | nodes=3/20000 | fires=0 | inhibits=0 | connected=[none] | whitelist=open | tbl[nodes=3 json=0 drop=0 hopf=0]

Brain > 
Brain > --> Grug freezing entire cave to specimen file...
  💎 Phase accumulator saved: 0 snapshots in crystal
  ✂️  Decomposer config saved: 42 total entries across 6 fields
  👁  Vigilance config saved (cap=6)
  📊  Injector stats saved
  🎲  Relational jitter config saved (ratio=0.03, coin=0.01, enabled=true)
  🧠  BrainStem config saved
  ⚙️  Engine config saved
  🏛️  Lobe orchestrator knobs saved
  🗳️  Vote orchestrator knobs saved
  🧬  Mitosis config saved
  🌱  Growth automaton config saved
  🦠  Phagy config saved
  💬  Chatter config saved
  🛡️  Immune config saved
  🔭  Scanner config saved
  🎯  ActionTone knobs saved
  🔗  Co-activation accumulator saved
  📝  Input ledger saved
  🔮  Chatter residuals saved
  🌱  AutoGrowth evidence saved (evidence=0, co-occur=0)
  🔗  AutoLinker evidence saved (link_evidence=0)
  🪭  Fan-out config saved (enabled=true, max=4, modes=8)
  🧠  Hippocampal pending ask saved
  🔐  Admin session saved
  🎭  Lobe orchestrator last state saved (winner=)
  🔖  Chatter cursor saved (pos=0)
  📋  Answer mode config saved (11 modes)
  🦠  Phagy rules ref saved (0 rules)
  ⏳  Time orientation config saved (global=none, 0 oriented time nodes)
  🔗  CoherenceField config saved (weight=0.0)

╔══════════════════════════════════════════════════════════════╗
║            🧊 SPECIMEN SAVED SUCCESSFULLY                    ║
╠══════════════════════════════════════════════════════════════╣
  📁  File             : comprehensive_specimen_v742.json
  📦  JSON size        : 7636455 bytes
  📄  File size        : 7636455 bytes (plain JSON)
  ⏱️   Time             : 1.01s
  ─────────────────────────────────────────────
  🌱  Nodes            : 3
  🧠  Lobes            : 1
  💎  Phase Accumulator      : 0 snapshots
  📋  Lobe tables      : 1
  ⚡  Hopfield entries  : 0
  ⚙️   Rules            : 0
  💬  Messages         : 2
  🔧  Verb classes     : 3
  🔤  Thesaurus words  : 991
  🚫  Inhibitions      : 0
  🔗  Attachments      : 0
  🔮  Trajectory entries : 0
  🕐  Temporal coherence : 0
  ⏳  Time orientation   : none (oriented nodes: 0)
  ⏳  Morph cooldowns    : 0
  🤖  AIML nodes       : 0
  🪄  Sigil entries    : 13
  ⚙️  Automaton rules  : 0
  🗳  Contributor votes : 0
  🎭  Tonal knobs      : saved
  👁   Arousal          : 0.3
  🌱  AutoGrowth       : evidence=0, co-occur=0
  🔗  AutoLinker       : link_evidence=0
╚══════════════════════════════════════════════════════════════╝

Brain > ╔══════════════════════════════════════════════════╗
║              GRUGBOT SYSTEM STATUS               ║
╠══════════════════════════════════════════════════╣
║  ENGINE                                          ║
  Nodes in cave   : 3
  Hopfield cache  : 0 entries
  Memory messages : 3
  Est. memory use : ~4 KB
  Trajectory buf  : 0 entries
  Temporal coher  : 0 entries
  Morph cooldowns : 0 active
  Current arousal : 0.3
  Last input ago  : 0.0s
║  LOBES                                           ║
  Lobes registered: 1
  Nodes in lobes  : 3
  Top lobe (fires): default (0 fires)
║  BRAINSTEM                                       ║
  Dispatches run  : 0
  Last winner     : none
  Propagations    : 0
  Is dispatching  : false
║  CHATTER                                         ║
  Chatter running : false
  Input queue     : 0 pending
  Sessions run    : 0
║  AIML NODE TRIBES                                ║
=== AIML NODE TRIBES (cycle=0) ===
  Stochastic growth: ceiling=0.333 (~1/3), data-driven (warrant modulates probability)
  [no lobes registered]
║  EPHEMERAL MLP                                   ║
  Transforms      : 0
  Sigmoid / ReLU  : 0 / 0
  Last activation : sigmoid
  Novelty score   : 0.5
  Dir. quality    : 0.0
  Rules           : 0/0 enabled
  Right / Wrong   : 0 / 0
  Obs. threshold  : 5
  Observer count  : 0
  Adjustments     : GATED
╚══════════════════════════════════════════════════╝
║  MITOSIS (lazy fuzzy conservative stochastic)   ║
  Nodes grown     : 0
  Nodes latched   : 0
  Last event      : none
  Stochastic prob : 0.15
  Min pop gate    : 10
  Max pop cap     : 10000
  Cooldown cycles : 5
  Min warrant     : 0.5
╚══════════════════════════════════════════════════════════════╝
═══ RELATIONAL GOVERNANCE ═══
  Accumulator: 0/5000 pairs tracked
  Above threshold (10.0): 0 pairs
  Auto-attach probability: 0.1 (10.0% per idle cycle)
  Decay rate: 0.05 (5.0% per decay cycle)
═══ INPUT LEDGER ═══
  Thread running   : true
  Ledger entries   : 0 / 20000
  Total consumed   : 0
  Batches processed: 0
  Last batch       : never
  Batch size       : 10000
  Min threshold    : 50
  Poll (empty)     : 5.0s
  Poll (after)     : 1.0s
═══ CHATTER RESIDUALS ═══
  Thread running      : true
  Ledger entries      : 0 / 400
  Total swaps consumed: 0
  Co-occur observations: 0
  Votes stolen (remix): 0
  Votes refused       : 0
  Batches processed   : 0
  Last batch          : never
  Batch size          : 200
  Min threshold       : 3
  Co-occur increment  : 1.5
  Confidence floor    : 0.5 ± 0.08
  Markov blend bias   : 0.35
  Weight blend (recv) : 0.6
  Poll (empty)        : 10.0s
  Poll (after)        : 2.0s

Brain > 
[GRUG] ☁ stdin closed (EOF). Cave goes quiet. Shutting down CLI loop.
