WARNING: redefinition of constant GrugBot420._ENGINE_SIGIL_TABLE. This may fail, cause incorrect answers, or produce other errors.
WARNING: redefinition of constant GrugBot420._GLOBAL_PROMOTION_BINDINGS. This may fail, cause incorrect answers, or produce other errors.
WARNING: redefinition of constant GrugBot420._GLOBAL_PROMOTION_REWRITTEN. This may fail, cause incorrect answers, or produce other errors.
WARNING: redefinition of constant GrugBot420._GLOBAL_PROMOTION_RAW. This may fail, cause incorrect answers, or produce other errors.
WARNING: redefinition of constant GrugBot420._GLOBAL_PROMOTION_LOCK. This may fail, cause incorrect answers, or produce other errors.
┌ Warning: Replacing docs for `GrugBot420.current_promotion_bindings :: Tuple{}` in module `GrugBot420`
└ @ Base.Docs docs/Docs.jl:243
┌ Warning: Replacing docs for `GrugBot420.current_promotion_rewritten :: Tuple{}` in module `GrugBot420`
└ @ Base.Docs docs/Docs.jl:243
┌ Warning: Replacing docs for `GrugBot420.current_promotion_raw :: Tuple{}` in module `GrugBot420`
└ @ Base.Docs docs/Docs.jl:243
┌ Warning: Replacing docs for `GrugBot420.words_to_signal :: Tuple{String}` in module `GrugBot420`
└ @ Base.Docs docs/Docs.jl:243
WARNING: redefinition of constant GrugBot420.CAUSAL_VERBS. This may fail, cause incorrect answers, or produce other errors.
WARNING: redefinition of constant GrugBot420.SPATIAL_VERBS. This may fail, cause incorrect answers, or produce other errors.
WARNING: redefinition of constant GrugBot420.TEMPORAL_VERBS. This may fail, cause incorrect answers, or produce other errors.
┌ Warning: Replacing docs for `GrugBot420.rewrite_passive_mission :: Tuple{String}` in module `GrugBot420`
└ @ Base.Docs docs/Docs.jl:243
┌ Warning: Replacing docs for `GrugBot420.extract_relational_triples :: Tuple{String}` in module `GrugBot420`
└ @ Base.Docs docs/Docs.jl:243
┌ Warning: Replacing docs for `GrugBot420.extract_dynamic_relational_triples :: Tuple{String, Int64}` in module `GrugBot420`
└ @ Base.Docs docs/Docs.jl:243
┌ Warning: Replacing docs for `GrugBot420.evaluate_relational_dialectics :: Tuple{Vector{GrugBot420.RelationalTriple}, Vector{GrugBot420.RelationalTriple}, Vector{String}, Dict{String, Float64}}` in module `GrugBot420`
└ @ Base.Docs docs/Docs.jl:243
WARNING: redefinition of constant GrugBot420.NODE_MAP. This may fail, cause incorrect answers, or produce other errors.
WARNING: redefinition of constant GrugBot420.COMMANDS. This may fail, cause incorrect answers, or produce other errors.
WARNING: redefinition of constant GrugBot420.NODE_LOCK. This may fail, cause incorrect answers, or produce other errors.
WARNING: redefinition of constant GrugBot420.ID_COUNTER. This may fail, cause incorrect answers, or produce other errors.
WARNING: redefinition of constant GrugBot420.HOPFIELD_CACHE. This may fail, cause incorrect answers, or produce other errors.
WARNING: redefinition of constant GrugBot420.HOPFIELD_CACHE_LOCK. This may fail, cause incorrect answers, or produce other errors.
WARNING: redefinition of constant GrugBot420.HOPFIELD_HIT_COUNTS. This may fail, cause incorrect answers, or produce other errors.
┌ Warning: Replacing docs for `GrugBot420.hopfield_input_hash :: Tuple{String}` in module `GrugBot420`
└ @ Base.Docs docs/Docs.jl:243
┌ Warning: Replacing docs for `GrugBot420.hopfield_lookup :: Tuple{UInt64}` in module `GrugBot420`
└ @ Base.Docs docs/Docs.jl:243
┌ Warning: Replacing docs for `GrugBot420.hopfield_record! :: Tuple{UInt64, Vector{String}}` in module `GrugBot420`
└ @ Base.Docs docs/Docs.jl:243
┌ Warning: Replacing docs for `GrugBot420.is_nonjitter :: Tuple{GrugBot420.Node}` in module `GrugBot420`
└ @ Base.Docs docs/Docs.jl:243
┌ Warning: Replacing docs for `GrugBot420.set_nonjitter! :: Tuple{GrugBot420.Node}` in module `GrugBot420`
└ @ Base.Docs docs/Docs.jl:243
┌ Warning: Replacing docs for `GrugBot420.clear_nonjitter! :: Tuple{GrugBot420.Node}` in module `GrugBot420`
└ @ Base.Docs docs/Docs.jl:243
┌ Warning: Replacing docs for `GrugBot420.collect_nonjitter_ids :: Tuple{}` in module `GrugBot420`
└ @ Base.Docs docs/Docs.jl:243
┌ Warning: Replacing docs for `GrugBot420.jitter_allowed_for :: Tuple{GrugBot420.Node, Float64}` in module `GrugBot420`
└ @ Base.Docs docs/Docs.jl:243
┌ Warning: Replacing docs for `GrugBot420.is_solidified :: Tuple{GrugBot420.Node}` in module `GrugBot420`
└ @ Base.Docs docs/Docs.jl:243
┌ Warning: Replacing docs for `GrugBot420.check_solidify_threshold! :: Tuple{GrugBot420.Node}` in module `GrugBot420`
└ @ Base.Docs docs/Docs.jl:243
┌ Warning: Replacing docs for `GrugBot420.bump_strength! :: Tuple{GrugBot420.Node}` in module `GrugBot420`
└ @ Base.Docs docs/Docs.jl:243
┌ Warning: Replacing docs for `GrugBot420.penalize_strength! :: Tuple{GrugBot420.Node}` in module `GrugBot420`
└ @ Base.Docs docs/Docs.jl:243
┌ Warning: Replacing docs for `GrugBot420.mark_node_grave! :: Tuple{GrugBot420.Node, String}` in module `GrugBot420`
└ @ Base.Docs docs/Docs.jl:243
┌ Warning: Replacing docs for `GrugBot420.mark_node_contributor! :: Tuple{GrugBot420.Node}` in module `GrugBot420`
└ @ Base.Docs docs/Docs.jl:243
┌ Warning: Replacing docs for `GrugBot420.try_link_nodes! :: Tuple{GrugBot420.Node, GrugBot420.Node}` in module `GrugBot420`
└ @ Base.Docs docs/Docs.jl:243
┌ Warning: Replacing docs for `GrugBot420.find_best_latch_target :: Tuple{GrugBot420.Node}` in module `GrugBot420`
└ @ Base.Docs docs/Docs.jl:243
┌ Warning: Replacing docs for `GrugBot420._token_overlap_similarity :: Tuple{String, String}` in module `GrugBot420`
└ @ Base.Docs docs/Docs.jl:243
WARNING: redefinition of constant GrugBot420.ATTACHMENT_MAP. This may fail, cause incorrect answers, or produce other errors.
WARNING: redefinition of constant GrugBot420.ATTACHMENT_LOCK. This may fail, cause incorrect answers, or produce other errors.
WARNING: redefinition of constant GrugBot420.GROUP_MAP. This may fail, cause incorrect answers, or produce other errors.
WARNING: redefinition of constant GrugBot420.GROUP_LOCK. This may fail, cause incorrect answers, or produce other errors.
WARNING: redefinition of constant GrugBot420.GROUP_COUNTER. This may fail, cause incorrect answers, or produce other errors.
WARNING: redefinition of constant GrugBot420.NODE_TO_GROUP. This may fail, cause incorrect answers, or produce other errors.
WARNING: redefinition of constant GrugBot420.CHATTER_NODE_COOLDOWN. This may fail, cause incorrect answers, or produce other errors.
WARNING: redefinition of constant GrugBot420.CHATTER_NODE_COOLDOWN_LOCK. This may fail, cause incorrect answers, or produce other errors.
┌ Warning: Replacing docs for `GrugBot420.next_group_id :: Tuple{}` in module `GrugBot420`
└ @ Base.Docs docs/Docs.jl:243
┌ Warning: Replacing docs for `GrugBot420.register_group! :: Tuple{GrugBot420.Node}` in module `GrugBot420`
└ @ Base.Docs docs/Docs.jl:243
┌ Warning: Replacing docs for `GrugBot420.add_to_group! :: Tuple{GrugBot420.NodeGroup, String}` in module `GrugBot420`
└ @ Base.Docs docs/Docs.jl:243
┌ Warning: Replacing docs for `GrugBot420.mark_group_grave_slot! :: Tuple{String}` in module `GrugBot420`
└ @ Base.Docs docs/Docs.jl:243
┌ Warning: Replacing docs for `GrugBot420.group_for :: Tuple{String}` in module `GrugBot420`
└ @ Base.Docs docs/Docs.jl:243
┌ Warning: Replacing docs for `GrugBot420.chatter_cooldown_remaining :: Tuple{String}` in module `GrugBot420`
└ @ Base.Docs docs/Docs.jl:243
┌ Warning: Replacing docs for `GrugBot420.stamp_chatter! :: Tuple{String}` in module `GrugBot420`
└ @ Base.Docs docs/Docs.jl:243
WARNING: redefinition of constant GrugBot420._LAST_FIRE_COUNTER. This may fail, cause incorrect answers, or produce other errors.
WARNING: redefinition of constant GrugBot420.STOPWORDS. This may fail, cause incorrect answers, or produce other errors.
┌ Warning: Replacing docs for `GrugBot420.attach_node! :: Tuple{String, String, String}` in module `GrugBot420`
└ @ Base.Docs docs/Docs.jl:243
┌ Warning: Replacing docs for `GrugBot420.detach_node! :: Tuple{String, String}` in module `GrugBot420`
└ @ Base.Docs docs/Docs.jl:243
┌ Warning: Replacing docs for `GrugBot420.fire_attachments! :: Tuple{String, Int64, Int64}` in module `GrugBot420`
└ @ Base.Docs docs/Docs.jl:243
┌ Warning: Replacing docs for `GrugBot420.get_attachment_summary :: Tuple{}` in module `GrugBot420`
└ @ Base.Docs docs/Docs.jl:243
┌ Warning: Replacing docs for `GrugBot420.get_attachments_for_target :: Tuple{String}` in module `GrugBot420`
└ @ Base.Docs docs/Docs.jl:243
┌ Warning: Replacing docs for `GrugBot420.crystalize_attachment! :: Tuple{String, String}` in module `GrugBot420`
└ @ Base.Docs docs/Docs.jl:243
┌ Warning: Replacing docs for `GrugBot420.decrystalize_attachment! :: Tuple{String, String}` in module `GrugBot420`
└ @ Base.Docs docs/Docs.jl:243
┌ Warning: Replacing docs for `GrugBot420._semantic_truth_score :: Tuple{Any}` in module `GrugBot420`
└ @ Base.Docs docs/Docs.jl:243
┌ Warning: Replacing docs for `GrugBot420.auto_crystalize_sweep! :: Tuple{}` in module `GrugBot420`
└ @ Base.Docs docs/Docs.jl:243
┌ Warning: Replacing docs for `GrugBot420.is_crystalized :: Tuple{String, String}` in module `GrugBot420`
└ @ Base.Docs docs/Docs.jl:243
┌ Warning: Replacing docs for `GrugBot420._sdf_signal_similarity :: Tuple{Vector{Float64}, Vector{Float64}}` in module `GrugBot420`
└ @ Base.Docs docs/Docs.jl:243
┌ Warning: Replacing docs for `GrugBot420.attach_image_node! :: Tuple{String, String, Vector{UInt8}, Int64, Int64}` in module `GrugBot420`
└ @ Base.Docs docs/Docs.jl:243
┌ Warning: Replacing docs for `GrugBot420.reset_throttle! :: Tuple{GrugBot420.Node, Float64}` in module `GrugBot420`
└ @ Base.Docs docs/Docs.jl:243
┌ Warning: Replacing docs for `GrugBot420.create_node :: Tuple{String, String, Dict, Vector{String}}` in module `GrugBot420`
└ @ Base.Docs docs/Docs.jl:243
┌ Warning: Replacing docs for `GrugBot420.parse_action_packet :: Tuple{String}` in module `GrugBot420`
└ @ Base.Docs docs/Docs.jl:243
┌ Warning: Replacing docs for `GrugBot420.select_action :: Tuple{String}` in module `GrugBot420`
└ @ Base.Docs docs/Docs.jl:243
┌ Warning: Replacing docs for `GrugBot420.screen_input_complexity :: Tuple{Vector{Float64}, Vector{GrugBot420.RelationalTriple}}` in module `GrugBot420`
└ @ Base.Docs docs/Docs.jl:243
┌ Warning: Replacing docs for `GrugBot420._effective_scan_mode :: Tuple{Int64, Vector{Float64}}` in module `GrugBot420`
└ @ Base.Docs docs/Docs.jl:243
┌ Warning: Replacing docs for `GrugBot420._bidirectional_cheap_scan :: Tuple{Vector{Float64}, Vector{Float64}}` in module `GrugBot420`
└ @ Base.Docs docs/Docs.jl:243
┌ Warning: Replacing docs for `GrugBot420.collect_drop_table_neighbors :: Tuple{GrugBot420.Node}` in module `GrugBot420`
└ @ Base.Docs docs/Docs.jl:243
┌ Warning: Replacing docs for `GrugBot420.strength_biased_scan_coinflip :: Tuple{GrugBot420.Node}` in module `GrugBot420`
└ @ Base.Docs docs/Docs.jl:243
┌ Warning: Replacing docs for `GrugBot420.scan_specimens :: Tuple{String}` in module `GrugBot420`
└ @ Base.Docs docs/Docs.jl:243
┌ Warning: Replacing docs for `GrugBot420.scan_and_expand :: Tuple{String}` in module `GrugBot420`
└ @ Base.Docs docs/Docs.jl:243
┌ Warning: Replacing docs for `GrugBot420.cast_vote :: NTuple{5, Any}` in module `GrugBot420`
└ @ Base.Docs docs/Docs.jl:243
┌ Warning: Replacing docs for `GrugBot420.cast_explicit_vote :: Tuple{String, String}` in module `GrugBot420`
└ @ Base.Docs docs/Docs.jl:243
┌ Warning: Replacing docs for `GrugBot420.cast_vote_with_group :: Tuple{Any, Any, Any, Any, Any, String, Symbol}` in module `GrugBot420`
└ @ Base.Docs docs/Docs.jl:243
┌ Warning: Replacing docs for `GrugBot420.ensure_action_packet_registered! :: Tuple{AbstractString}` in module `GrugBot420`
└ @ Base.Docs docs/Docs.jl:243
┌ Warning: Replacing docs for `GrugBot420.grow_nodes_from_packet :: Tuple{String}` in module `GrugBot420`
└ @ Base.Docs docs/Docs.jl:243
┌ Warning: Replacing docs for `GrugBot420.get_node_status_summary :: Tuple{}` in module `GrugBot420`
└ @ Base.Docs docs/Docs.jl:243
WARNING: redefinition of constant GrugBot420.AIML_DROP_TABLE. This may fail, cause incorrect answers, or produce other errors.
WARNING: redefinition of constant GrugBot420.ALLOWED_RULE_TAGS. This may fail, cause incorrect answers, or produce other errors.
┌ Warning: Replacing docs for `GrugBot420.add_orchestration_rule! :: Tuple{String}` in module `GrugBot420`
└ @ Base.Docs docs/Docs.jl:243
┌ Warning: Replacing docs for `GrugBot420.count_alive_nodes_in_lobe :: Tuple{String}` in module `GrugBot420`
└ @ Base.Docs docs/Docs.jl:243
ℹ️  Default specimen auto-load DISABLED (v7.24-restore). Use /loadSpecimen to restore state.
Growing initial map seeds with Stochastic Emotion Packets & Relational Gating...
  + lobe `default` created (subject: general thinking reasoning conversation greeting)
  + 3 boot seeds registered into `default` lobe
System Online. Grug waiting at cave entrance for instructions.
Primary  : /mission <input>                    (text or image binary)
Feedback : /wrong                              (penalize last response voters)
Explicit : /explicit <cmd> [<node_id>] <input>
Grow     : /grow <lobe_id> <json_packet>      (plant node(s) into a lobe)
         :   • <lobe_id> is required — use `-` for unassigned pool
         :   • Single node: {"pattern":"...","action_packet":"...","data":{...}}
         :   • Multi node:  {"nodes":[{...},{...}]}
         :   • `data.system_prompt` defaults to "Grug speaks plainly." if absent
Rules    : /addRule <rule text> [prob=0.0-1.0]
           Tags: {MISSION}, {PRIMARY_ACTION}, {SURE_ACTIONS}, {UNSURE_ACTIONS},
                 {ALL_ACTIONS}, {CONFIDENCE}, {NODE_ID}, {MEMORY}, {LOBE_CONTEXT}
Memory   : /pin <text>
Nodes    : /nodes                              (show node map status)
Status   : /status                             (show chatter + system status)
           /mitosisStatus                      (show mitosis growth status)
Arousal  : /arousal <0.0-1.0>                 (set eye system arousal level)
Verbs    : /addVerb <verb> <class>             (add verb to relation class)
         : /addRelationClass <name>            (create new verb class bucket)
         : /addSynonym <canonical> <alias>     (normalize alias->canonical)
         : /listVerbs                          (show all verb classes + synonyms)
Lobes    : /newLobe <id> <subject>             (create a new subject lobe)
         : /connectLobes <id_a> <id_b>         (connect two lobes)
         : /lobeGrow <lobe_id> <json_packet>   (DEPRECATED — alias for /grow)
         : /lobes                              (list all lobes + node counts)
         : /tableStatus <lobe_id>              (show hash table chunks for a lobe)
         : /tableMatch <lobe_id> <chunk> <pat> (pattern-activate entries in chunk)
Thesaurus: /thesaurus <word1> | <word2>        (compare words/concepts dimensionally)
         : /thesaurus <w1> | <w2> :: <ctx1> :: <ctx2>  (with context lists)
NegThes  : /negativeThesaurus add|remove|list|check|flush
Attach   : /nodeAttach <lobe> <target> <id> <pat> ...  (attach nodes with relational fire patterns)
         : /nodeDetach <lobe> <target> <id>            (detach a node from target)
ImgAttach: /imgnodeAttach <lobe> <tgt> <id> <b64> [w h] (attach image node with SDF-based fire)
         : /imgnodeDetach <lobe> <target> <id>         (detach image node from target)
         : /attachments                         (show all node attachments)
Crystal  : /crystalize <lobe> <target> <attach>        (💎 mark attachment as sticky/user-locked)
         : /decrystalize <lobe> <target> <attach>      (🔓 remove sticky flag, restore coinflip)
Specimen : /saveSpecimen <filepath>            (save full cave state — .json or .gz)
         : /loadSpecimen <filepath>            (restore full cave state — .json or .gz)
Help     : /help                               (full command reference)

╔══════════════════════════════════════════════════════════════════╗
║  SPECIMEN SEEDING GUIDE (read before /grow)                     ║
╠══════════════════════════════════════════════════════════════════╣
║  Automatic neighbor latching is SUPPRESSED below 1000 nodes.   ║
║  Below that threshold, YOU control topology via drop_table.     ║
║                                                                  ║
║  For a coherent specimen from the start:                        ║
║  1. Seed ORTHOGONAL archetypes first - distinct semantic poles. ║
║     Don't plant 50 near-identical nodes up front.               ║
║  2. Use required_relations as semantic GATES from day one.      ║
║     Nodes that demand specific verbs won't fire on noise.       ║
║  3. Name action_packets deliberately - distinct action families ║
║     give the superposition orchestrator something to work with. ║
║  4. Wire drop_tables manually for known co-activation pairs.    ║
║     Don't rely on the latch system to discover semantics.       ║
║  5. Your first ~100 nodes are the specimen's DNA.               ║
║     The engine enforces structure at scale (1000+ nodes).       ║
║     You enforce MEANING at the start.                           ║
╚══════════════════════════════════════════════════════════════════╝

Brain > 🧠 Lobe 'EmotionLobe' created for subject: 'feelings emotions affect mood sentiment'. Cap: 20000 nodes. AIML tribe registered (cap=6666).

Brain > 🧠 Lobe 'ReasoningLobe' created for subject: 'logic reasoning analysis deduction inference'. Cap: 20000 nodes. AIML tribe registered (cap=6666).

Brain > 🧠 Lobe 'SurvivalLobe' created for subject: 'danger alert warning threat safety survival'. Cap: 20000 nodes. AIML tribe registered (cap=6666).

Brain > 🧠 Lobe 'SocialLobe' created for subject: 'greeting social interaction tribe community'. Cap: 20000 nodes. AIML tribe registered (cap=6666).

Brain > 🧠 Lobe 'PhilosophyLobe' created for subject: 'meaning existence consciousness truth reality'. Cap: 20000 nodes. AIML tribe registered (cap=6666).

Brain > 🧠 Lobe 'MemoryLobe' created for subject: 'remember recall past experience history'. Cap: 20000 nodes. AIML tribe registered (cap=6666).

Brain > 🧠 Lobe 'CreativeLobe' created for subject: 'imagine create story art invention wonder'. Cap: 20000 nodes. AIML tribe registered (cap=6666).

Brain > 🧠 Lobe 'DreamLobe' created for subject: 'dream sleep unconscious imagination fantasy'. Cap: 20000 nodes. AIML tribe registered (cap=6666).

Brain > 🔗 Lobes 'EmotionLobe' ↔ 'SurvivalLobe' connected.

Brain > 🔗 Lobes 'EmotionLobe' ↔ 'SocialLobe' connected.

Brain > 🔗 Lobes 'EmotionLobe' ↔ 'DreamLobe' connected.

Brain > 🔗 Lobes 'EmotionLobe' ↔ 'MemoryLobe' connected.

Brain > 🔗 Lobes 'ReasoningLobe' ↔ 'PhilosophyLobe' connected.

Brain > 🔗 Lobes 'ReasoningLobe' ↔ 'CreativeLobe' connected.

Brain > 🔗 Lobes 'SurvivalLobe' ↔ 'MemoryLobe' connected.

Brain > 🔗 Lobes 'SocialLobe' ↔ 'CreativeLobe' connected.

Brain > 🔗 Lobes 'PhilosophyLobe' ↔ 'DreamLobe' connected.

Brain > 🔗 Lobes 'PhilosophyLobe' ↔ 'MemoryLobe' connected.

Brain > --> Grug unpacking JSON node seeds for lobe 'default'...
┌ Warning: ⚠️  COHERENCE WARNING: Node with pattern "hello hi greeting mornin" has single-sentence system_prompt and NO noun_anchors!
│ The claim will fall back to the raw pattern — this produces pattern-echo garbage.
│ FIX: Make system_prompt multi-sentence (sentence 1 = persona, rest = grug voice)
│ OR add "noun_anchors" to json_data. YOU NEED THIS OR NO CAN DO.
└ @ GrugBot420 /workspace/grugbot420/src/engine.jl:4198
🌱 Tribe expanded! Grug planted 1 new nodes into lobe 'default': [node_3]

Brain > --> Grug unpacking JSON node seeds for lobe 'default'...
┌ Warning: ⚠️  COHERENCE WARNING: Node with pattern "think ponder reason calculate" has single-sentence system_prompt and NO noun_anchors!
│ The claim will fall back to the raw pattern — this produces pattern-echo garbage.
│ FIX: Make system_prompt multi-sentence (sentence 1 = persona, rest = grug voice)
│ OR add "noun_anchors" to json_data. YOU NEED THIS OR NO CAN DO.
└ @ GrugBot420 /workspace/grugbot420/src/engine.jl:4198
🌱 Tribe expanded! Grug planted 1 new nodes into lobe 'default': [node_4]

Brain > --> Grug unpacking JSON node seeds for lobe 'EmotionLobe'...
┌ Warning: ⚠️  COHERENCE WARNING: Node with pattern "joy happiness delight euphoria glad" has single-sentence system_prompt and NO noun_anchors!
│ The claim will fall back to the raw pattern — this produces pattern-echo garbage.
│ FIX: Make system_prompt multi-sentence (sentence 1 = persona, rest = grug voice)
│ OR add "noun_anchors" to json_data. YOU NEED THIS OR NO CAN DO.
└ @ GrugBot420 /workspace/grugbot420/src/engine.jl:4198
!!! ERROR in /grow: ErrorException("!!! FATAL: action_packet contains unknown action 'celebrate'. Valid actions: acknowledge, alert, analyze, calculate, caution, clarify, comfort, define, describe, elaborate, explain, fight, flag, flee, greet, hide, laugh, notify, ponder, reason, reassure, smile, support, validate, warn, welcome. (see plans/semantic_plugins/QOL_SWEEP_2025.md BUG-007) !!!") !!!

Brain > --> Grug unpacking JSON node seeds for lobe 'EmotionLobe'...
┌ Warning: ⚠️  COHERENCE WARNING: Node with pattern "sadness sorrow grief mourning melancholy" has single-sentence system_prompt and NO noun_anchors!
│ The claim will fall back to the raw pattern — this produces pattern-echo garbage.
│ FIX: Make system_prompt multi-sentence (sentence 1 = persona, rest = grug voice)
│ OR add "noun_anchors" to json_data. YOU NEED THIS OR NO CAN DO.
└ @ GrugBot420 /workspace/grugbot420/src/engine.jl:4198
!!! ERROR in /grow: ErrorException("!!! FATAL: action_packet contains unknown action 'empathize'. Valid actions: acknowledge, alert, analyze, calculate, caution, clarify, comfort, define, describe, elaborate, explain, fight, flag, flee, greet, hide, laugh, notify, ponder, reason, reassure, smile, support, validate, warn, welcome. (see plans/semantic_plugins/QOL_SWEEP_2025.md BUG-007) !!!") !!!

Brain > --> Grug unpacking JSON node seeds for lobe 'EmotionLobe'...
┌ Warning: ⚠️  COHERENCE WARNING: Node with pattern "anger rage fury wrath indignation" has single-sentence system_prompt and NO noun_anchors!
│ The claim will fall back to the raw pattern — this produces pattern-echo garbage.
│ FIX: Make system_prompt multi-sentence (sentence 1 = persona, rest = grug voice)
│ OR add "noun_anchors" to json_data. YOU NEED THIS OR NO CAN DO.
└ @ GrugBot420 /workspace/grugbot420/src/engine.jl:4198
!!! ERROR in /grow: ErrorException("!!! FATAL: action_packet contains unknown action 'deescalate'. Valid actions: acknowledge, alert, analyze, calculate, caution, clarify, comfort, define, describe, elaborate, explain, fight, flag, flee, greet, hide, laugh, notify, ponder, reason, reassure, smile, support, validate, warn, welcome. (see plans/semantic_plugins/QOL_SWEEP_2025.md BUG-007) !!!") !!!

Brain > --> Grug unpacking JSON node seeds for lobe 'EmotionLobe'...
┌ Warning: ⚠️  COHERENCE WARNING: Node with pattern "fear terror dread anxiety panic" has single-sentence system_prompt and NO noun_anchors!
│ The claim will fall back to the raw pattern — this produces pattern-echo garbage.
│ FIX: Make system_prompt multi-sentence (sentence 1 = persona, rest = grug voice)
│ OR add "noun_anchors" to json_data. YOU NEED THIS OR NO CAN DO.
└ @ GrugBot420 /workspace/grugbot420/src/engine.jl:4198
!!! ERROR in /grow: ErrorException("!!! FATAL: action_packet contains unknown action 'protect'. Valid actions: acknowledge, alert, analyze, calculate, caution, clarify, comfort, define, describe, elaborate, explain, fight, flag, flee, greet, hide, laugh, notify, ponder, reason, reassure, smile, support, validate, warn, welcome. (see plans/semantic_plugins/QOL_SWEEP_2025.md BUG-007) !!!") !!!

Brain > --> Grug unpacking JSON node seeds for lobe 'EmotionLobe'...
┌ Warning: ⚠️  COHERENCE WARNING: Node with pattern "love affection devotion tenderness care" has single-sentence system_prompt and NO noun_anchors!
│ The claim will fall back to the raw pattern — this produces pattern-echo garbage.
│ FIX: Make system_prompt multi-sentence (sentence 1 = persona, rest = grug voice)
│ OR add "noun_anchors" to json_data. YOU NEED THIS OR NO CAN DO.
└ @ GrugBot420 /workspace/grugbot420/src/engine.jl:4198
!!! ERROR in /grow: ErrorException("!!! FATAL: action_packet contains unknown action 'cherish'. Valid actions: acknowledge, alert, analyze, calculate, caution, clarify, comfort, define, describe, elaborate, explain, fight, flag, flee, greet, hide, laugh, notify, ponder, reason, reassure, smile, support, validate, warn, welcome. (see plans/semantic_plugins/QOL_SWEEP_2025.md BUG-007) !!!") !!!

Brain > --> Grug unpacking JSON node seeds for lobe 'EmotionLobe'...
┌ Warning: ⚠️  COHERENCE WARNING: Node with pattern "curiosity wonder intrigue fascination" has single-sentence system_prompt and NO noun_anchors!
│ The claim will fall back to the raw pattern — this produces pattern-echo garbage.
│ FIX: Make system_prompt multi-sentence (sentence 1 = persona, rest = grug voice)
│ OR add "noun_anchors" to json_data. YOU NEED THIS OR NO CAN DO.
└ @ GrugBot420 /workspace/grugbot420/src/engine.jl:4198
!!! ERROR in /grow: ErrorException("!!! FATAL: action_packet contains unknown action 'explore'. Valid actions: acknowledge, alert, analyze, calculate, caution, clarify, comfort, define, describe, elaborate, explain, fight, flag, flee, greet, hide, laugh, notify, ponder, reason, reassure, smile, support, validate, warn, welcome. (see plans/semantic_plugins/QOL_SWEEP_2025.md BUG-007) !!!") !!!

Brain > --> Grug unpacking JSON node seeds for lobe 'ReasoningLobe'...
┌ Warning: ⚠️  COHERENCE WARNING: Node with pattern "know knowing believe belief certainty conviction" has single-sentence system_prompt and NO noun_anchors!
│ The claim will fall back to the raw pattern — this produces pattern-echo garbage.
│ FIX: Make system_prompt multi-sentence (sentence 1 = persona, rest = grug voice)
│ OR add "noun_anchors" to json_data. YOU NEED THIS OR NO CAN DO.
└ @ GrugBot420 /workspace/grugbot420/src/engine.jl:4198
!!! ERROR in /grow: ErrorException("!!! FATAL: action_packet contains unknown action 'distinguish'. Valid actions: acknowledge, alert, analyze, calculate, caution, clarify, comfort, define, describe, elaborate, explain, fight, flag, flee, greet, hide, laugh, notify, ponder, reason, reassure, smile, support, validate, warn, welcome. (see plans/semantic_plugins/QOL_SWEEP_2025.md BUG-007) !!!") !!!

Brain > --> Grug unpacking JSON node seeds for lobe 'ReasoningLobe'...
┌ Warning: ⚠️  COHERENCE WARNING: Node with pattern "cause effect causation consequence result" has single-sentence system_prompt and NO noun_anchors!
│ The claim will fall back to the raw pattern — this produces pattern-echo garbage.
│ FIX: Make system_prompt multi-sentence (sentence 1 = persona, rest = grug voice)
│ OR add "noun_anchors" to json_data. YOU NEED THIS OR NO CAN DO.
└ @ GrugBot420 /workspace/grugbot420/src/engine.jl:4198
!!! ERROR in /grow: ErrorException("!!! FATAL: action_packet contains unknown action 'trace'. Valid actions: acknowledge, alert, analyze, calculate, caution, clarify, comfort, define, describe, elaborate, explain, fight, flag, flee, greet, hide, laugh, notify, ponder, reason, reassure, smile, support, validate, warn, welcome. (see plans/semantic_plugins/QOL_SWEEP_2025.md BUG-007) !!!") !!!

Brain > --> Grug unpacking JSON node seeds for lobe 'ReasoningLobe'...
┌ Warning: ⚠️  COHERENCE WARNING: Node with pattern "comparison contrast similarity difference" has single-sentence system_prompt and NO noun_anchors!
│ The claim will fall back to the raw pattern — this produces pattern-echo garbage.
│ FIX: Make system_prompt multi-sentence (sentence 1 = persona, rest = grug voice)
│ OR add "noun_anchors" to json_data. YOU NEED THIS OR NO CAN DO.
└ @ GrugBot420 /workspace/grugbot420/src/engine.jl:4198
!!! ERROR in /grow: ErrorException("!!! FATAL: action_packet contains unknown action 'compare'. Valid actions: acknowledge, alert, analyze, calculate, caution, clarify, comfort, define, describe, elaborate, explain, fight, flag, flee, greet, hide, laugh, notify, ponder, reason, reassure, smile, support, validate, warn, welcome. (see plans/semantic_plugins/QOL_SWEEP_2025.md BUG-007) !!!") !!!

Brain > --> Grug unpacking JSON node seeds for lobe 'ReasoningLobe'...
┌ Warning: ⚠️  COHERENCE WARNING: Node with pattern "evidence proof verification confirmation" has single-sentence system_prompt and NO noun_anchors!
│ The claim will fall back to the raw pattern — this produces pattern-echo garbage.
│ FIX: Make system_prompt multi-sentence (sentence 1 = persona, rest = grug voice)
│ OR add "noun_anchors" to json_data. YOU NEED THIS OR NO CAN DO.
└ @ GrugBot420 /workspace/grugbot420/src/engine.jl:4198
!!! ERROR in /grow: ErrorException("!!! FATAL: action_packet contains unknown action 'verify'. Valid actions: acknowledge, alert, analyze, calculate, caution, clarify, comfort, define, describe, elaborate, explain, fight, flag, flee, greet, hide, laugh, notify, ponder, reason, reassure, smile, support, validate, warn, welcome. (see plans/semantic_plugins/QOL_SWEEP_2025.md BUG-007) !!!") !!!

Brain > --> Grug unpacking JSON node seeds for lobe 'ReasoningLobe'...
┌ Warning: ⚠️  COHERENCE WARNING: Node with pattern "hypothesis theory conjecture speculation" has single-sentence system_prompt and NO noun_anchors!
│ The claim will fall back to the raw pattern — this produces pattern-echo garbage.
│ FIX: Make system_prompt multi-sentence (sentence 1 = persona, rest = grug voice)
│ OR add "noun_anchors" to json_data. YOU NEED THIS OR NO CAN DO.
└ @ GrugBot420 /workspace/grugbot420/src/engine.jl:4198
!!! ERROR in /grow: ErrorException("!!! FATAL: action_packet contains unknown action 'propose'. Valid actions: acknowledge, alert, analyze, calculate, caution, clarify, comfort, define, describe, elaborate, explain, fight, flag, flee, greet, hide, laugh, notify, ponder, reason, reassure, smile, support, validate, warn, welcome. (see plans/semantic_plugins/QOL_SWEEP_2025.md BUG-007) !!!") !!!

Brain > --> Grug unpacking JSON node seeds for lobe 'SurvivalLobe'...
┌ Warning: ⚠️  COHERENCE WARNING: Node with pattern "fire burn flame heat danger hot" has single-sentence system_prompt and NO noun_anchors!
│ The claim will fall back to the raw pattern — this produces pattern-echo garbage.
│ FIX: Make system_prompt multi-sentence (sentence 1 = persona, rest = grug voice)
│ OR add "noun_anchors" to json_data. YOU NEED THIS OR NO CAN DO.
└ @ GrugBot420 /workspace/grugbot420/src/engine.jl:4198
!!! ERROR in /grow: ErrorException("!!! FATAL: action_packet contains unknown action 'protect'. Valid actions: acknowledge, alert, analyze, calculate, caution, clarify, comfort, define, describe, elaborate, explain, fight, flag, flee, greet, hide, laugh, notify, ponder, reason, reassure, smile, support, validate, warn, welcome. (see plans/semantic_plugins/QOL_SWEEP_2025.md BUG-007) !!!") !!!

Brain > --> Grug unpacking JSON node seeds for lobe 'SurvivalLobe'...
┌ Warning: ⚠️  COHERENCE WARNING: Node with pattern "storm weather thunder lightning flood rain" has single-sentence system_prompt and NO noun_anchors!
│ The claim will fall back to the raw pattern — this produces pattern-echo garbage.
│ FIX: Make system_prompt multi-sentence (sentence 1 = persona, rest = grug voice)
│ OR add "noun_anchors" to json_data. YOU NEED THIS OR NO CAN DO.
└ @ GrugBot420 /workspace/grugbot420/src/engine.jl:4198
!!! ERROR in /grow: ErrorException("!!! FATAL: action_packet contains unknown action 'shelter'. Valid actions: acknowledge, alert, analyze, calculate, caution, clarify, comfort, define, describe, elaborate, explain, fight, flag, flee, greet, hide, laugh, notify, ponder, reason, reassure, smile, support, validate, warn, welcome. (see plans/semantic_plugins/QOL_SWEEP_2025.md BUG-007) !!!") !!!

Brain > --> Grug unpacking JSON node seeds for lobe 'SurvivalLobe'...
┌ Warning: ⚠️  COHERENCE WARNING: Node with pattern "predator threat enemy attack danger hunt" has single-sentence system_prompt and NO noun_anchors!
│ The claim will fall back to the raw pattern — this produces pattern-echo garbage.
│ FIX: Make system_prompt multi-sentence (sentence 1 = persona, rest = grug voice)
│ OR add "noun_anchors" to json_data. YOU NEED THIS OR NO CAN DO.
└ @ GrugBot420 /workspace/grugbot420/src/engine.jl:4198
🌱 Tribe expanded! Grug planted 1 new nodes into lobe 'SurvivalLobe': [node_5]

Brain > --> Grug unpacking JSON node seeds for lobe 'SurvivalLobe'...
┌ Warning: ⚠️  COHERENCE WARNING: Node with pattern "hunger thirst starvation need sustenance food" has single-sentence system_prompt and NO noun_anchors!
│ The claim will fall back to the raw pattern — this produces pattern-echo garbage.
│ FIX: Make system_prompt multi-sentence (sentence 1 = persona, rest = grug voice)
│ OR add "noun_anchors" to json_data. YOU NEED THIS OR NO CAN DO.
└ @ GrugBot420 /workspace/grugbot420/src/engine.jl:4198
!!! ERROR in /grow: ErrorException("!!! FATAL: action_packet contains unknown action 'forage'. Valid actions: acknowledge, alert, analyze, calculate, caution, clarify, comfort, define, describe, elaborate, explain, fight, flag, flee, greet, hide, laugh, notify, ponder, reason, reassure, smile, support, validate, warn, welcome. (see plans/semantic_plugins/QOL_SWEEP_2025.md BUG-007) !!!") !!!

Brain > --> Grug unpacking JSON node seeds for lobe 'SurvivalLobe'...
┌ Warning: ⚠️  COHERENCE WARNING: Node with pattern "shelter cave protection refuge safety home" has single-sentence system_prompt and NO noun_anchors!
│ The claim will fall back to the raw pattern — this produces pattern-echo garbage.
│ FIX: Make system_prompt multi-sentence (sentence 1 = persona, rest = grug voice)
│ OR add "noun_anchors" to json_data. YOU NEED THIS OR NO CAN DO.
└ @ GrugBot420 /workspace/grugbot420/src/engine.jl:4198
!!! ERROR in /grow: ErrorException("!!! FATAL: action_packet contains unknown action 'build'. Valid actions: acknowledge, alert, analyze, calculate, caution, clarify, comfort, define, describe, elaborate, explain, fight, flag, flee, greet, hide, laugh, notify, ponder, reason, reassure, smile, support, validate, warn, welcome. (see plans/semantic_plugins/QOL_SWEEP_2025.md BUG-007) !!!") !!!

Brain > --> Grug unpacking JSON node seeds for lobe 'SocialLobe'...
┌ Warning: ⚠️  COHERENCE WARNING: Node with pattern "hello hi greeting hey welcome meet" has single-sentence system_prompt and NO noun_anchors!
│ The claim will fall back to the raw pattern — this produces pattern-echo garbage.
│ FIX: Make system_prompt multi-sentence (sentence 1 = persona, rest = grug voice)
│ OR add "noun_anchors" to json_data. YOU NEED THIS OR NO CAN DO.
└ @ GrugBot420 /workspace/grugbot420/src/engine.jl:4198
🌱 Tribe expanded! Grug planted 1 new nodes into lobe 'SocialLobe': [node_6]

Brain > --> Grug unpacking JSON node seeds for lobe 'SocialLobe'...
┌ Warning: ⚠️  COHERENCE WARNING: Node with pattern "trust loyalty betrayal honesty deception truth" has single-sentence system_prompt and NO noun_anchors!
│ The claim will fall back to the raw pattern — this produces pattern-echo garbage.
│ FIX: Make system_prompt multi-sentence (sentence 1 = persona, rest = grug voice)
│ OR add "noun_anchors" to json_data. YOU NEED THIS OR NO CAN DO.
└ @ GrugBot420 /workspace/grugbot420/src/engine.jl:4198
!!! ERROR in /grow: ErrorException("!!! FATAL: action_packet contains unknown action 'confide'. Valid actions: acknowledge, alert, analyze, calculate, caution, clarify, comfort, define, describe, elaborate, explain, fight, flag, flee, greet, hide, laugh, notify, ponder, reason, reassure, smile, support, validate, warn, welcome. (see plans/semantic_plugins/QOL_SWEEP_2025.md BUG-007) !!!") !!!

Brain > --> Grug unpacking JSON node seeds for lobe 'SocialLobe'...
┌ Warning: ⚠️  COHERENCE WARNING: Node with pattern "cooperation teamwork collaboration unity together" has single-sentence system_prompt and NO noun_anchors!
│ The claim will fall back to the raw pattern — this produces pattern-echo garbage.
│ FIX: Make system_prompt multi-sentence (sentence 1 = persona, rest = grug voice)
│ OR add "noun_anchors" to json_data. YOU NEED THIS OR NO CAN DO.
└ @ GrugBot420 /workspace/grugbot420/src/engine.jl:4198
!!! ERROR in /grow: ErrorException("!!! FATAL: action_packet contains unknown action 'collaborate'. Valid actions: acknowledge, alert, analyze, calculate, caution, clarify, comfort, define, describe, elaborate, explain, fight, flag, flee, greet, hide, laugh, notify, ponder, reason, reassure, smile, support, validate, warn, welcome. (see plans/semantic_plugins/QOL_SWEEP_2025.md BUG-007) !!!") !!!

Brain > --> Grug unpacking JSON node seeds for lobe 'SocialLobe'...
┌ Warning: ⚠️  COHERENCE WARNING: Node with pattern "conflict dispute argument fight disagreement" has single-sentence system_prompt and NO noun_anchors!
│ The claim will fall back to the raw pattern — this produces pattern-echo garbage.
│ FIX: Make system_prompt multi-sentence (sentence 1 = persona, rest = grug voice)
│ OR add "noun_anchors" to json_data. YOU NEED THIS OR NO CAN DO.
└ @ GrugBot420 /workspace/grugbot420/src/engine.jl:4198
!!! ERROR in /grow: ErrorException("!!! FATAL: action_packet contains unknown action 'mediate'. Valid actions: acknowledge, alert, analyze, calculate, caution, clarify, comfort, define, describe, elaborate, explain, fight, flag, flee, greet, hide, laugh, notify, ponder, reason, reassure, smile, support, validate, warn, welcome. (see plans/semantic_plugins/QOL_SWEEP_2025.md BUG-007) !!!") !!!

Brain > --> Grug unpacking JSON node seeds for lobe 'SocialLobe'...
┌ Warning: ⚠️  COHERENCE WARNING: Node with pattern "belonging community acceptance inclusion tribe" has single-sentence system_prompt and NO noun_anchors!
│ The claim will fall back to the raw pattern — this produces pattern-echo garbage.
│ FIX: Make system_prompt multi-sentence (sentence 1 = persona, rest = grug voice)
│ OR add "noun_anchors" to json_data. YOU NEED THIS OR NO CAN DO.
└ @ GrugBot420 /workspace/grugbot420/src/engine.jl:4198
!!! ERROR in /grow: ErrorException("!!! FATAL: action_packet contains unknown action 'include'. Valid actions: acknowledge, alert, analyze, calculate, caution, clarify, comfort, define, describe, elaborate, explain, fight, flag, flee, greet, hide, laugh, notify, ponder, reason, reassure, smile, support, validate, warn, welcome. (see plans/semantic_plugins/QOL_SWEEP_2025.md BUG-007) !!!") !!!

Brain > --> Grug unpacking JSON node seeds for lobe 'PhilosophyLobe'...
┌ Warning: ⚠️  COHERENCE WARNING: Node with pattern "truth reality fact existence being ontology" has single-sentence system_prompt and NO noun_anchors!
│ The claim will fall back to the raw pattern — this produces pattern-echo garbage.
│ FIX: Make system_prompt multi-sentence (sentence 1 = persona, rest = grug voice)
│ OR add "noun_anchors" to json_data. YOU NEED THIS OR NO CAN DO.
└ @ GrugBot420 /workspace/grugbot420/src/engine.jl:4198
!!! ERROR in /grow: ErrorException("!!! FATAL: action_packet contains unknown action 'explore'. Valid actions: acknowledge, alert, analyze, calculate, caution, clarify, comfort, define, describe, elaborate, explain, fight, flag, flee, greet, hide, laugh, notify, ponder, reason, reassure, smile, support, validate, warn, welcome. (see plans/semantic_plugins/QOL_SWEEP_2025.md BUG-007) !!!") !!!

Brain > --> Grug unpacking JSON node seeds for lobe 'PhilosophyLobe'...
┌ Warning: ⚠️  COHERENCE WARNING: Node with pattern "consciousness awareness mind experience subjective qualia" has single-sentence system_prompt and NO noun_anchors!
│ The claim will fall back to the raw pattern — this produces pattern-echo garbage.
│ FIX: Make system_prompt multi-sentence (sentence 1 = persona, rest = grug voice)
│ OR add "noun_anchors" to json_data. YOU NEED THIS OR NO CAN DO.
└ @ GrugBot420 /workspace/grugbot420/src/engine.jl:4198
!!! ERROR in /grow: ErrorException("!!! FATAL: action_packet contains unknown action 'reflect'. Valid actions: acknowledge, alert, analyze, calculate, caution, clarify, comfort, define, describe, elaborate, explain, fight, flag, flee, greet, hide, laugh, notify, ponder, reason, reassure, smile, support, validate, warn, welcome. (see plans/semantic_plugins/QOL_SWEEP_2025.md BUG-007) !!!") !!!

Brain > --> Grug unpacking JSON node seeds for lobe 'PhilosophyLobe'...
┌ Warning: ⚠️  COHERENCE WARNING: Node with pattern "free will determinism choice agency volition autonomy" has single-sentence system_prompt and NO noun_anchors!
│ The claim will fall back to the raw pattern — this produces pattern-echo garbage.
│ FIX: Make system_prompt multi-sentence (sentence 1 = persona, rest = grug voice)
│ OR add "noun_anchors" to json_data. YOU NEED THIS OR NO CAN DO.
└ @ GrugBot420 /workspace/grugbot420/src/engine.jl:4198
!!! ERROR in /grow: ErrorException("!!! FATAL: action_packet contains unknown action 'debate'. Valid actions: acknowledge, alert, analyze, calculate, caution, clarify, comfort, define, describe, elaborate, explain, fight, flag, flee, greet, hide, laugh, notify, ponder, reason, reassure, smile, support, validate, warn, welcome. (see plans/semantic_plugins/QOL_SWEEP_2025.md BUG-007) !!!") !!!

Brain > --> Grug unpacking JSON node seeds for lobe 'PhilosophyLobe'...
┌ Warning: ⚠️  COHERENCE WARNING: Node with pattern "ethics morality right wrong good evil virtue" has single-sentence system_prompt and NO noun_anchors!
│ The claim will fall back to the raw pattern — this produces pattern-echo garbage.
│ FIX: Make system_prompt multi-sentence (sentence 1 = persona, rest = grug voice)
│ OR add "noun_anchors" to json_data. YOU NEED THIS OR NO CAN DO.
└ @ GrugBot420 /workspace/grugbot420/src/engine.jl:4198
!!! ERROR in /grow: ErrorException("!!! FATAL: action_packet contains unknown action 'evaluate'. Valid actions: acknowledge, alert, analyze, calculate, caution, clarify, comfort, define, describe, elaborate, explain, fight, flag, flee, greet, hide, laugh, notify, ponder, reason, reassure, smile, support, validate, warn, welcome. (see plans/semantic_plugins/QOL_SWEEP_2025.md BUG-007) !!!") !!!

Brain > --> Grug unpacking JSON node seeds for lobe 'PhilosophyLobe'...
┌ Warning: ⚠️  COHERENCE WARNING: Node with pattern "meaning purpose significance value worth existence" has single-sentence system_prompt and NO noun_anchors!
│ The claim will fall back to the raw pattern — this produces pattern-echo garbage.
│ FIX: Make system_prompt multi-sentence (sentence 1 = persona, rest = grug voice)
│ OR add "noun_anchors" to json_data. YOU NEED THIS OR NO CAN DO.
└ @ GrugBot420 /workspace/grugbot420/src/engine.jl:4198
!!! ERROR in /grow: ErrorException("!!! FATAL: action_packet contains unknown action 'search'. Valid actions: acknowledge, alert, analyze, calculate, caution, clarify, comfort, define, describe, elaborate, explain, fight, flag, flee, greet, hide, laugh, notify, ponder, reason, reassure, smile, support, validate, warn, welcome. (see plans/semantic_plugins/QOL_SWEEP_2025.md BUG-007) !!!") !!!

Brain > --> Grug unpacking JSON node seeds for lobe 'MemoryLobe'...
┌ Warning: ⚠️  COHERENCE WARNING: Node with pattern "remember recall recollect reminisce past" has single-sentence system_prompt and NO noun_anchors!
│ The claim will fall back to the raw pattern — this produces pattern-echo garbage.
│ FIX: Make system_prompt multi-sentence (sentence 1 = persona, rest = grug voice)
│ OR add "noun_anchors" to json_data. YOU NEED THIS OR NO CAN DO.
└ @ GrugBot420 /workspace/grugbot420/src/engine.jl:4198
!!! ERROR in /grow: ErrorException("!!! FATAL: action_packet contains unknown action 'recall'. Valid actions: acknowledge, alert, analyze, calculate, caution, clarify, comfort, define, describe, elaborate, explain, fight, flag, flee, greet, hide, laugh, notify, ponder, reason, reassure, smile, support, validate, warn, welcome. (see plans/semantic_plugins/QOL_SWEEP_2025.md BUG-007) !!!") !!!

Brain > --> Grug unpacking JSON node seeds for lobe 'MemoryLobe'...
┌ Warning: ⚠️  COHERENCE WARNING: Node with pattern "learn study knowledge wisdom understanding" has single-sentence system_prompt and NO noun_anchors!
│ The claim will fall back to the raw pattern — this produces pattern-echo garbage.
│ FIX: Make system_prompt multi-sentence (sentence 1 = persona, rest = grug voice)
│ OR add "noun_anchors" to json_data. YOU NEED THIS OR NO CAN DO.
└ @ GrugBot420 /workspace/grugbot420/src/engine.jl:4198
!!! ERROR in /grow: ErrorException("!!! FATAL: action_packet contains unknown action 'teach'. Valid actions: acknowledge, alert, analyze, calculate, caution, clarify, comfort, define, describe, elaborate, explain, fight, flag, flee, greet, hide, laugh, notify, ponder, reason, reassure, smile, support, validate, warn, welcome. (see plans/semantic_plugins/QOL_SWEEP_2025.md BUG-007) !!!") !!!

Brain > --> Grug unpacking JSON node seeds for lobe 'MemoryLobe'...
┌ Warning: ⚠️  COHERENCE WARNING: Node with pattern "habit routine pattern familiar custom tradition" has single-sentence system_prompt and NO noun_anchors!
│ The claim will fall back to the raw pattern — this produces pattern-echo garbage.
│ FIX: Make system_prompt multi-sentence (sentence 1 = persona, rest = grug voice)
│ OR add "noun_anchors" to json_data. YOU NEED THIS OR NO CAN DO.
└ @ GrugBot420 /workspace/grugbot420/src/engine.jl:4198
!!! ERROR in /grow: ErrorException("!!! FATAL: action_packet contains unknown action 'observe'. Valid actions: acknowledge, alert, analyze, calculate, caution, clarify, comfort, define, describe, elaborate, explain, fight, flag, flee, greet, hide, laugh, notify, ponder, reason, reassure, smile, support, validate, warn, welcome. (see plans/semantic_plugins/QOL_SWEEP_2025.md BUG-007) !!!") !!!

Brain > --> Grug unpacking JSON node seeds for lobe 'CreativeLobe'...
┌ Warning: ⚠️  COHERENCE WARNING: Node with pattern "imagine envision fantasize dream create invent" has single-sentence system_prompt and NO noun_anchors!
│ The claim will fall back to the raw pattern — this produces pattern-echo garbage.
│ FIX: Make system_prompt multi-sentence (sentence 1 = persona, rest = grug voice)
│ OR add "noun_anchors" to json_data. YOU NEED THIS OR NO CAN DO.
└ @ GrugBot420 /workspace/grugbot420/src/engine.jl:4198
!!! ERROR in /grow: ErrorException("!!! FATAL: action_packet contains unknown action 'create'. Valid actions: acknowledge, alert, analyze, calculate, caution, clarify, comfort, define, describe, elaborate, explain, fight, flag, flee, greet, hide, laugh, notify, ponder, reason, reassure, smile, support, validate, warn, welcome. (see plans/semantic_plugins/QOL_SWEEP_2025.md BUG-007) !!!") !!!

Brain > --> Grug unpacking JSON node seeds for lobe 'CreativeLobe'...
┌ Warning: ⚠️  COHERENCE WARNING: Node with pattern "story narrative tale legend myth saga" has single-sentence system_prompt and NO noun_anchors!
│ The claim will fall back to the raw pattern — this produces pattern-echo garbage.
│ FIX: Make system_prompt multi-sentence (sentence 1 = persona, rest = grug voice)
│ OR add "noun_anchors" to json_data. YOU NEED THIS OR NO CAN DO.
└ @ GrugBot420 /workspace/grugbot420/src/engine.jl:4198
!!! ERROR in /grow: ErrorException("!!! FATAL: action_packet contains unknown action 'narrate'. Valid actions: acknowledge, alert, analyze, calculate, caution, clarify, comfort, define, describe, elaborate, explain, fight, flag, flee, greet, hide, laugh, notify, ponder, reason, reassure, smile, support, validate, warn, welcome. (see plans/semantic_plugins/QOL_SWEEP_2025.md BUG-007) !!!") !!!

Brain > --> Grug unpacking JSON node seeds for lobe 'CreativeLobe'...
┌ Warning: ⚠️  COHERENCE WARNING: Node with pattern "art beauty aesthetic paint sculpture music" has single-sentence system_prompt and NO noun_anchors!
│ The claim will fall back to the raw pattern — this produces pattern-echo garbage.
│ FIX: Make system_prompt multi-sentence (sentence 1 = persona, rest = grug voice)
│ OR add "noun_anchors" to json_data. YOU NEED THIS OR NO CAN DO.
└ @ GrugBot420 /workspace/grugbot420/src/engine.jl:4198
!!! ERROR in /grow: ErrorException("!!! FATAL: action_packet contains unknown action 'compose'. Valid actions: acknowledge, alert, analyze, calculate, caution, clarify, comfort, define, describe, elaborate, explain, fight, flag, flee, greet, hide, laugh, notify, ponder, reason, reassure, smile, support, validate, warn, welcome. (see plans/semantic_plugins/QOL_SWEEP_2025.md BUG-007) !!!") !!!

Brain > --> Grug unpacking JSON node seeds for lobe 'CreativeLobe'...
┌ Warning: ⚠️  COHERENCE WARNING: Node with pattern "word language linguistics poetry prose verse" has single-sentence system_prompt and NO noun_anchors!
│ The claim will fall back to the raw pattern — this produces pattern-echo garbage.
│ FIX: Make system_prompt multi-sentence (sentence 1 = persona, rest = grug voice)
│ OR add "noun_anchors" to json_data. YOU NEED THIS OR NO CAN DO.
└ @ GrugBot420 /workspace/grugbot420/src/engine.jl:4198
!!! ERROR in /grow: ErrorException("!!! FATAL: action_packet contains unknown action 'express'. Valid actions: acknowledge, alert, analyze, calculate, caution, clarify, comfort, define, describe, elaborate, explain, fight, flag, flee, greet, hide, laugh, notify, ponder, reason, reassure, smile, support, validate, warn, welcome. (see plans/semantic_plugins/QOL_SWEEP_2025.md BUG-007) !!!") !!!

Brain > --> Grug unpacking JSON node seeds for lobe 'DreamLobe'...
┌ Warning: ⚠️  COHERENCE WARNING: Node with pattern "dream nightmare vision sleep unconscious night" has single-sentence system_prompt and NO noun_anchors!
│ The claim will fall back to the raw pattern — this produces pattern-echo garbage.
│ FIX: Make system_prompt multi-sentence (sentence 1 = persona, rest = grug voice)
│ OR add "noun_anchors" to json_data. YOU NEED THIS OR NO CAN DO.
└ @ GrugBot420 /workspace/grugbot420/src/engine.jl:4198
!!! ERROR in /grow: ErrorException("!!! FATAL: action_packet contains unknown action 'interpret'. Valid actions: acknowledge, alert, analyze, calculate, caution, clarify, comfort, define, describe, elaborate, explain, fight, flag, flee, greet, hide, laugh, notify, ponder, reason, reassure, smile, support, validate, warn, welcome. (see plans/semantic_plugins/QOL_SWEEP_2025.md BUG-007) !!!") !!!

Brain > --> Grug unpacking JSON node seeds for lobe 'DreamLobe'...
┌ Warning: ⚠️  COHERENCE WARNING: Node with pattern "symbol metaphor allegory meaning hidden depth" has single-sentence system_prompt and NO noun_anchors!
│ The claim will fall back to the raw pattern — this produces pattern-echo garbage.
│ FIX: Make system_prompt multi-sentence (sentence 1 = persona, rest = grug voice)
│ OR add "noun_anchors" to json_data. YOU NEED THIS OR NO CAN DO.
└ @ GrugBot420 /workspace/grugbot420/src/engine.jl:4198
!!! ERROR in /grow: ErrorException("!!! FATAL: action_packet contains unknown action 'decode'. Valid actions: acknowledge, alert, analyze, calculate, caution, clarify, comfort, define, describe, elaborate, explain, fight, flag, flee, greet, hide, laugh, notify, ponder, reason, reassure, smile, support, validate, warn, welcome. (see plans/semantic_plugins/QOL_SWEEP_2025.md BUG-007) !!!") !!!

Brain > === NODE MAP STATUS (7 nodes) ===
  node_0 | str=1.0 | neighbors=0 | [ALIVE] [LINKABLE] [TXT] | avg_rt=N/A | pattern="hello hi greeting mornin"
  node_1 | str=1.0 | neighbors=0 | [ALIVE] [LINKABLE] [TXT] | avg_rt=N/A | pattern="think ponder reason calculate"
  node_2 | str=1.0 | neighbors=0 | [ALIVE] [LINKABLE] [TXT] | avg_rt=N/A | pattern="grug hits rock and makes fire"
  node_3 | str=1.0 | neighbors=0 | [ALIVE] [LINKABLE] [TXT] | avg_rt=N/A | pattern="hello hi greeting mornin"
  node_4 | str=1.0 | neighbors=0 | [ALIVE] [LINKABLE] [TXT] | avg_rt=N/A | pattern="think ponder reason calculate"
  node_5 | str=1.0 | neighbors=0 | [ALIVE] [LINKABLE] [TXT] | avg_rt=N/A | pattern="predator threat enemy attack danger hunt"
  node_6 | str=1.0 | neighbors=0 | [ALIVE] [LINKABLE] [TXT] | avg_rt=N/A | pattern="hello hi greeting hey welcome meet"

Brain > === LOBE REGISTRY (9 lobes, 7 nodes indexed) ===
  CreativeLobe | subject='imagine create story art invention wonder' | nodes=0/20000 | fires=0 | inhibits=0 | connected=[ReasoningLobe,SocialLobe] | whitelist=open | tbl[nodes=0 json=0 drop=0 hopf=0]
  DreamLobe | subject='dream sleep unconscious imagination fantasy' | nodes=0/20000 | fires=0 | inhibits=0 | connected=[EmotionLobe,PhilosophyLobe] | whitelist=open | tbl[nodes=0 json=0 drop=0 hopf=0]
  EmotionLobe | subject='feelings emotions affect mood sentiment' | nodes=0/20000 | fires=0 | inhibits=0 | connected=[DreamLobe,MemoryLobe,SocialLobe,SurvivalLobe] | whitelist=open | tbl[nodes=0 json=0 drop=0 hopf=0]
  MemoryLobe | subject='remember recall past experience history' | nodes=0/20000 | fires=0 | inhibits=0 | connected=[EmotionLobe,PhilosophyLobe,SurvivalLobe] | whitelist=open | tbl[nodes=0 json=0 drop=0 hopf=0]
  PhilosophyLobe | subject='meaning existence consciousness truth reality' | nodes=0/20000 | fires=0 | inhibits=0 | connected=[DreamLobe,MemoryLobe,ReasoningLobe] | whitelist=open | tbl[nodes=0 json=0 drop=0 hopf=0]
  ReasoningLobe | subject='logic reasoning analysis deduction inference' | nodes=0/20000 | fires=0 | inhibits=0 | connected=[CreativeLobe,PhilosophyLobe] | whitelist=open | tbl[nodes=0 json=0 drop=0 hopf=0]
  SocialLobe | subject='greeting social interaction tribe community' | nodes=1/20000 | fires=0 | inhibits=0 | connected=[CreativeLobe,EmotionLobe] | whitelist=open | tbl[nodes=1 json=3 drop=0 hopf=0]
  SurvivalLobe | subject='danger alert warning threat safety survival' | nodes=1/20000 | fires=0 | inhibits=0 | connected=[EmotionLobe,MemoryLobe] | whitelist=open | tbl[nodes=1 json=3 drop=0 hopf=0]
  default | subject='general thinking reasoning conversation greeting' | nodes=5/20000 | fires=0 | inhibits=0 | connected=[none] | whitelist=open | tbl[nodes=5 json=6 drop=0 hopf=0]

Brain > !!! SYSTEM ERROR: ErrorException("!!! FATAL: /nodeAttach: node 'node_5' is not a member of lobe 'EmotionLobe'. Lobe members: []. !!!") !!!

Stacktrace:
 [1] error(s::String)
   @ Base ./error.jl:35
 [2] _assert_node_in_lobe(lobe_id::String, node_id::String, cmd::String)
   @ GrugBot420 /workspace/grugbot420/src/Main.jl:5841
 [3] run_cli()
   @ GrugBot420 /workspace/grugbot420/src/Main.jl:7105
 [4] top-level scope
   @ none:1
 [5] eval
   @ ./boot.jl:385 [inlined]
 [6] exec_options(opts::Base.JLOptions)
   @ Base ./client.jl:291
 [7] _start()
   @ Base ./client.jl:552

Brain > !!! SYSTEM ERROR: ErrorException("!!! FATAL: /nodeAttach: node 'node_14' is not a member of lobe 'SurvivalLobe'. Lobe members: [node_5]. !!!") !!!

Stacktrace:
 [1] error(s::String)
   @ Base ./error.jl:35
 [2] _assert_node_in_lobe(lobe_id::String, node_id::String, cmd::String)
   @ GrugBot420 /workspace/grugbot420/src/Main.jl:5841
 [3] run_cli()
   @ GrugBot420 /workspace/grugbot420/src/Main.jl:7105
 [4] top-level scope
   @ none:1
 [5] eval
   @ ./boot.jl:385 [inlined]
 [6] exec_options(opts::Base.JLOptions)
   @ Base ./client.jl:291
 [7] _start()
   @ Base ./client.jl:552

Brain > !!! SYSTEM ERROR: ErrorException("!!! FATAL: /nodeAttach: node 'node_20' is not a member of lobe 'SocialLobe'. Lobe members: [node_6]. !!!") !!!

Stacktrace:
 [1] error(s::String)
   @ Base ./error.jl:35
 [2] _assert_node_in_lobe(lobe_id::String, node_id::String, cmd::String)
   @ GrugBot420 /workspace/grugbot420/src/Main.jl:5841
 [3] run_cli()
   @ GrugBot420 /workspace/grugbot420/src/Main.jl:7105
 [4] top-level scope
   @ none:1
 [5] eval
   @ ./boot.jl:385 [inlined]
 [6] exec_options(opts::Base.JLOptions)
   @ Base ./client.jl:291
 [7] _start()
   @ Base ./client.jl:552

Brain > !!! SYSTEM ERROR: ErrorException("!!! FATAL: /nodeAttach: node 'node_25' is not a member of lobe 'PhilosophyLobe'. Lobe members: []. !!!") !!!

Stacktrace:
 [1] error(s::String)
   @ Base ./error.jl:35
 [2] _assert_node_in_lobe(lobe_id::String, node_id::String, cmd::String)
   @ GrugBot420 /workspace/grugbot420/src/Main.jl:5841
 [3] run_cli()
   @ GrugBot420 /workspace/grugbot420/src/Main.jl:7105
 [4] top-level scope
   @ none:1
 [5] eval
   @ ./boot.jl:385 [inlined]
 [6] exec_options(opts::Base.JLOptions)
   @ Base ./client.jl:291
 [7] _start()
   @ Base ./client.jl:552

Brain > !!! SYSTEM ERROR: ErrorException("!!! FATAL: /nodeAttach: node 'node_10' is not a member of lobe 'ReasoningLobe'. Lobe members: []. !!!") !!!

Stacktrace:
 [1] error(s::String)
   @ Base ./error.jl:35
 [2] _assert_node_in_lobe(lobe_id::String, node_id::String, cmd::String)
   @ GrugBot420 /workspace/grugbot420/src/Main.jl:5841
 [3] run_cli()
   @ GrugBot420 /workspace/grugbot420/src/Main.jl:7105
 [4] top-level scope
   @ none:1
 [5] eval
   @ ./boot.jl:385 [inlined]
 [6] exec_options(opts::Base.JLOptions)
   @ Base ./client.jl:291
 [7] _start()
   @ Base ./client.jl:552

Brain > !!! SYSTEM ERROR: ErrorException("!!! FATAL: /nodeAttach: node 'node_7' is not a member of lobe 'EmotionLobe'. Lobe members: []. !!!") !!!

Stacktrace:
 [1] error(s::String)
   @ Base ./error.jl:35
 [2] _assert_node_in_lobe(lobe_id::String, node_id::String, cmd::String)
   @ GrugBot420 /workspace/grugbot420/src/Main.jl:5841
 [3] run_cli()
   @ GrugBot420 /workspace/grugbot420/src/Main.jl:7105
 [4] top-level scope
   @ none:1
 [5] eval
   @ ./boot.jl:385 [inlined]
 [6] exec_options(opts::Base.JLOptions)
   @ Base ./client.jl:291
 [7] _start()
   @ Base ./client.jl:552

Brain > !!! SYSTEM ERROR: ErrorException("!!! FATAL: /crystalize: node 'node_5' is not a member of lobe 'EmotionLobe'. Lobe members: []. !!!") !!!

Stacktrace:
 [1] error(s::String)
   @ Base ./error.jl:35
 [2] _assert_node_in_lobe(lobe_id::String, node_id::String, cmd::String)
   @ GrugBot420 /workspace/grugbot420/src/Main.jl:5841
 [3] run_cli()
   @ GrugBot420 /workspace/grugbot420/src/Main.jl:7255
 [4] top-level scope
   @ none:1
 [5] eval
   @ ./boot.jl:385 [inlined]
 [6] exec_options(opts::Base.JLOptions)
   @ Base ./client.jl:291
 [7] _start()
   @ Base ./client.jl:552

Brain > !!! SYSTEM ERROR: ErrorException("!!! FATAL: /crystalize: node 'node_25' is not a member of lobe 'PhilosophyLobe'. Lobe members: []. !!!") !!!

Stacktrace:
 [1] error(s::String)
   @ Base ./error.jl:35
 [2] _assert_node_in_lobe(lobe_id::String, node_id::String, cmd::String)
   @ GrugBot420 /workspace/grugbot420/src/Main.jl:5841
 [3] run_cli()
   @ GrugBot420 /workspace/grugbot420/src/Main.jl:7255
 [4] top-level scope
   @ none:1
 [5] eval
   @ ./boot.jl:385 [inlined]
 [6] exec_options(opts::Base.JLOptions)
   @ Base ./client.jl:291
 [7] _start()
   @ Base ./client.jl:552

Brain > ⚙️ Rule tied to tree: [when alert then urgent prob=0.8] (fire_prob=1.0)

Brain > ⚙️ Rule tied to tree: [when explore then creative prob=0.7] (fire_prob=1.0)

Brain > ⚙️ Rule tied to tree: [when smile then warm prob=0.6] (fire_prob=1.0)

Brain > ⚙️ Rule tied to tree: [when fear then protect prob=0.8] (fire_prob=1.0)

Brain > ⚙️ Rule tied to tree: [when reason then careful prob=0.5] (fire_prob=1.0)

Brain > ⚙️ Rule tied to tree: [when love then gentle prob=0.6] (fire_prob=1.0)

Brain > ⚙️ Rule tied to tree: [when dream then wonder prob=0.5] (fire_prob=1.0)

Brain > ⚙️ Rule tied to tree: [when remember then reflect prob=0.4] (fire_prob=1.0)

Brain > ⚙️ Rule tied to tree: [when trust then cooperate prob=0.6] (fire_prob=1.0)

Brain > ⚙️ Rule tied to tree: [when conflict then mediate prob=0.7] (fire_prob=1.0)

Brain > ⚙️ Rule tied to tree: [when sad then comfort prob=0.8] (fire_prob=1.0)

Brain > ⚙️ Rule tied to tree: [when curious then investigate prob=0.5] (fire_prob=1.0)

Brain > [ Info: [SEMANTIC] ✅  New relation class added: 'cognitive'
🗂  Relation class 'cognitive' created. Use /addVerb to populate.

Brain > [ Info: [SEMANTIC] ✅  Verb 'know' added to class 'cognitive'
🔧 Verb 'know' added to class 'cognitive'. Active immediately.

Brain > [ Info: [SEMANTIC] ✅  Verb 'believe' added to class 'cognitive'
🔧 Verb 'believe' added to class 'cognitive'. Active immediately.

Brain > [ Info: [SEMANTIC] ✅  Verb 'infer' added to class 'cognitive'
🔧 Verb 'infer' added to class 'cognitive'. Active immediately.

Brain > [ Info: [SEMANTIC] ✅  Verb 'deduce' added to class 'cognitive'
🔧 Verb 'deduce' added to class 'cognitive'. Active immediately.

Brain > [ Info: [SEMANTIC] ✅  Verb 'understand' added to class 'cognitive'
🔧 Verb 'understand' added to class 'cognitive'. Active immediately.

Brain > ┌ Warning: [SEMANTIC] Relation class 'causal' already exists. No change.
└ @ GrugBot420.SemanticVerbs /workspace/grugbot420/src/SemanticVerbs.jl:90
🗂  Relation class 'causal' created. Use /addVerb to populate.

Brain > [ Info: [SEMANTIC] ✅  Verb 'cause' added to class 'causal'
🔧 Verb 'cause' added to class 'causal'. Active immediately.

Brain > [ Info: [SEMANTIC] ✅  Verb 'produce' added to class 'causal'
🔧 Verb 'produce' added to class 'causal'. Active immediately.

Brain > [ Info: [SEMANTIC] ✅  Verb 'enable' added to class 'causal'
🔧 Verb 'enable' added to class 'causal'. Active immediately.

Brain > [ Info: [SEMANTIC] ✅  Verb 'prevent' added to class 'causal'
🔧 Verb 'prevent' added to class 'causal'. Active immediately.

Brain > [ Info: [SEMANTIC] ✅  Verb 'require' added to class 'causal'
🔧 Verb 'require' added to class 'causal'. Active immediately.

Brain > [ Info: [SEMANTIC] ✅  New relation class added: 'emotional'
🗂  Relation class 'emotional' created. Use /addVerb to populate.

Brain > [ Info: [SEMANTIC] ✅  Verb 'feel' added to class 'emotional'
🔧 Verb 'feel' added to class 'emotional'. Active immediately.

Brain > [ Info: [SEMANTIC] ✅  Verb 'desire' added to class 'emotional'
🔧 Verb 'desire' added to class 'emotional'. Active immediately.

Brain > [ Info: [SEMANTIC] ✅  Verb 'fear' added to class 'emotional'
🔧 Verb 'fear' added to class 'emotional'. Active immediately.

Brain > [ Info: [SEMANTIC] ✅  Verb 'love' added to class 'emotional'
🔧 Verb 'love' added to class 'emotional'. Active immediately.

Brain > [ Info: [SEMANTIC] ✅  Verb 'hate' added to class 'emotional'
🔧 Verb 'hate' added to class 'emotional'. Active immediately.

Brain > [ Info: [SEMANTIC] ✅  New relation class added: 'social'
🗂  Relation class 'social' created. Use /addVerb to populate.

Brain > [ Info: [SEMANTIC] ✅  Verb 'trust' added to class 'social'
🔧 Verb 'trust' added to class 'social'. Active immediately.

Brain > [ Info: [SEMANTIC] ✅  Verb 'betray' added to class 'social'
🔧 Verb 'betray' added to class 'social'. Active immediately.

Brain > [ Info: [SEMANTIC] ✅  Verb 'cooperate' added to class 'social'
🔧 Verb 'cooperate' added to class 'social'. Active immediately.

Brain > [ Info: [SEMANTIC] ✅  Verb 'compete' added to class 'social'
🔧 Verb 'compete' added to class 'social'. Active immediately.

Brain > [ Info: [SEMANTIC] ✅  Verb 'greet' added to class 'social'
🔧 Verb 'greet' added to class 'social'. Active immediately.

Brain > ┌ Warning: [SEMANTIC] Relation class 'spatial' already exists. No change.
└ @ GrugBot420.SemanticVerbs /workspace/grugbot420/src/SemanticVerbs.jl:90
🗂  Relation class 'spatial' created. Use /addVerb to populate.

Brain > [ Info: [SEMANTIC] ✅  Verb 'contain' added to class 'spatial'
🔧 Verb 'contain' added to class 'spatial'. Active immediately.

Brain > [ Info: [SEMANTIC] ✅  Verb 'surround' added to class 'spatial'
🔧 Verb 'surround' added to class 'spatial'. Active immediately.

Brain > [ Info: [SEMANTIC] ✅  Verb 'approach' added to class 'spatial'
🔧 Verb 'approach' added to class 'spatial'. Active immediately.

Brain > [ Info: [SEMANTIC] ✅  Verb 'avoid' added to class 'spatial'
🔧 Verb 'avoid' added to class 'spatial'. Active immediately.

Brain > [ Info: [SEMANTIC] ✅  Verb 'cross' added to class 'spatial'
🔧 Verb 'cross' added to class 'spatial'. Active immediately.

Brain > ┌ Warning: [SEMANTIC] Relation class 'temporal' already exists. No change.
└ @ GrugBot420.SemanticVerbs /workspace/grugbot420/src/SemanticVerbs.jl:90
🗂  Relation class 'temporal' created. Use /addVerb to populate.

Brain > [ Info: [SEMANTIC] ✅  Verb 'precede' added to class 'temporal'
🔧 Verb 'precede' added to class 'temporal'. Active immediately.

Brain > [ Info: [SEMANTIC] ✅  Verb 'follow' added to class 'temporal'
🔧 Verb 'follow' added to class 'temporal'. Active immediately.

Brain > [ Info: [SEMANTIC] ✅  Verb 'coincide' added to class 'temporal'
🔧 Verb 'coincide' added to class 'temporal'. Active immediately.

Brain > [ Info: [SEMANTIC] ✅  Verb 'delay' added to class 'temporal'
🔧 Verb 'delay' added to class 'temporal'. Active immediately.

Brain > [ Info: [SEMANTIC] ✅  Verb 'anticipate' added to class 'temporal'
🔧 Verb 'anticipate' added to class 'temporal'. Active immediately.

Brain > [ Info: [SEMANTIC] ✅  New relation class added: 'epistemic'
🗂  Relation class 'epistemic' created. Use /addVerb to populate.

Brain > [ Info: [SEMANTIC] ✅  Verb 'prove' added to class 'epistemic'
🔧 Verb 'prove' added to class 'epistemic'. Active immediately.

Brain > [ Info: [SEMANTIC] ✅  Verb 'confirm' added to class 'epistemic'
🔧 Verb 'confirm' added to class 'epistemic'. Active immediately.

Brain > [ Info: [SEMANTIC] ✅  Verb 'doubt' added to class 'epistemic'
🔧 Verb 'doubt' added to class 'epistemic'. Active immediately.

Brain > [ Info: [SEMANTIC] ✅  Verb 'assume' added to class 'epistemic'
🔧 Verb 'assume' added to class 'epistemic'. Active immediately.

Brain > [ Info: [SEMANTIC] ✅  Verb 'verify' added to class 'epistemic'
🔧 Verb 'verify' added to class 'epistemic'. Active immediately.

Brain > !!! SYSTEM ERROR: ErrorException("!!! FATAL: Canonical verb 'happy' not found in any relation class! Register it with /addVerb first! !!!") !!!

Stacktrace:
 [1] error(s::String)
   @ Base ./error.jl:35
 [2] (::GrugBot420.SemanticVerbs.var"#5#6"{SubString{String}, SubString{String}})()
   @ GrugBot420.SemanticVerbs /workspace/grugbot420/src/SemanticVerbs.jl:181
 [3] lock(f::GrugBot420.SemanticVerbs.var"#5#6"{SubString{String}, SubString{String}}, l::ReentrantLock)
   @ Base ./lock.jl:229
 [4] add_synonym!(canonical::String, synonym::String)
   @ GrugBot420.SemanticVerbs /workspace/grugbot420/src/SemanticVerbs.jl:178
 [5] run_cli()
   @ GrugBot420 /workspace/grugbot420/src/Main.jl:6715
 [6] top-level scope
   @ none:1
 [7] eval
   @ ./boot.jl:385 [inlined]
 [8] exec_options(opts::Base.JLOptions)
   @ Base ./client.jl:291
 [9] _start()
   @ Base ./client.jl:552

Brain > !!! SYSTEM ERROR: ErrorException("!!! FATAL: Canonical verb 'sad' not found in any relation class! Register it with /addVerb first! !!!") !!!

Stacktrace:
 [1] error(s::String)
   @ Base ./error.jl:35
 [2] (::GrugBot420.SemanticVerbs.var"#5#6"{SubString{String}, SubString{String}})()
   @ GrugBot420.SemanticVerbs /workspace/grugbot420/src/SemanticVerbs.jl:181
 [3] lock(f::GrugBot420.SemanticVerbs.var"#5#6"{SubString{String}, SubString{String}}, l::ReentrantLock)
   @ Base ./lock.jl:229
 [4] add_synonym!(canonical::String, synonym::String)
   @ GrugBot420.SemanticVerbs /workspace/grugbot420/src/SemanticVerbs.jl:178
 [5] run_cli()
   @ GrugBot420 /workspace/grugbot420/src/Main.jl:6715
 [6] top-level scope
   @ none:1
 [7] eval
   @ ./boot.jl:385 [inlined]
 [8] exec_options(opts::Base.JLOptions)
   @ Base ./client.jl:291
 [9] _start()
   @ Base ./client.jl:552

Brain > !!! SYSTEM ERROR: ErrorException("!!! FATAL: Canonical verb 'think' not found in any relation class! Register it with /addVerb first! !!!") !!!

Stacktrace:
 [1] error(s::String)
   @ Base ./error.jl:35
 [2] (::GrugBot420.SemanticVerbs.var"#5#6"{SubString{String}, SubString{String}})()
   @ GrugBot420.SemanticVerbs /workspace/grugbot420/src/SemanticVerbs.jl:181
 [3] lock(f::GrugBot420.SemanticVerbs.var"#5#6"{SubString{String}, SubString{String}}, l::ReentrantLock)
   @ Base ./lock.jl:229
 [4] add_synonym!(canonical::String, synonym::String)
   @ GrugBot420.SemanticVerbs /workspace/grugbot420/src/SemanticVerbs.jl:178
 [5] run_cli()
   @ GrugBot420 /workspace/grugbot420/src/Main.jl:6715
 [6] top-level scope
   @ none:1
 [7] eval
   @ ./boot.jl:385 [inlined]
 [8] exec_options(opts::Base.JLOptions)
   @ Base ./client.jl:291
 [9] _start()
   @ Base ./client.jl:552

Brain > [ Info: [SEMANTIC] ✅  Synonym registered: 'grok' -> 'know'
📖 Synonym registered: 'grok' → 'know'. Normalization active.

Brain > [ Info: [SEMANTIC] ✅  Synonym registered: 'dread' -> 'fear'
📖 Synonym registered: 'dread' → 'fear'. Normalization active.

Brain > [ Info: [SEMANTIC] ✅  Synonym registered: 'adore' -> 'love'
📖 Synonym registered: 'adore' → 'love'. Normalization active.

Brain > [ Info: [SEMANTIC] ✅  Synonym registered: 'rely' -> 'trust'
📖 Synonym registered: 'rely' → 'trust'. Normalization active.

Brain > [ Info: [SEMANTIC] ✅  Synonym registered: 'produce' -> 'cause'
📖 Synonym registered: 'produce' → 'cause'. Normalization active.

Brain > !!! SYSTEM ERROR: ErrorException("!!! FATAL: Canonical verb 'beautiful' not found in any relation class! Register it with /addVerb first! !!!") !!!

Stacktrace:
 [1] error(s::String)
   @ Base ./error.jl:35
 [2] (::GrugBot420.SemanticVerbs.var"#5#6"{SubString{String}, SubString{String}})()
   @ GrugBot420.SemanticVerbs /workspace/grugbot420/src/SemanticVerbs.jl:181
 [3] lock(f::GrugBot420.SemanticVerbs.var"#5#6"{SubString{String}, SubString{String}}, l::ReentrantLock)
   @ Base ./lock.jl:229
 [4] add_synonym!(canonical::String, synonym::String)
   @ GrugBot420.SemanticVerbs /workspace/grugbot420/src/SemanticVerbs.jl:178
 [5] run_cli()
   @ GrugBot420 /workspace/grugbot420/src/Main.jl:6715
 [6] top-level scope
   @ none:1
 [7] eval
   @ ./boot.jl:385 [inlined]
 [8] exec_options(opts::Base.JLOptions)
   @ Base ./client.jl:291
 [9] _start()
   @ Base ./client.jl:552

Brain > !!! SYSTEM ERROR: ErrorException("!!! FATAL: Canonical verb 'explain' not found in any relation class! Register it with /addVerb first! !!!") !!!

Stacktrace:
 [1] error(s::String)
   @ Base ./error.jl:35
 [2] (::GrugBot420.SemanticVerbs.var"#5#6"{SubString{String}, SubString{String}})()
   @ GrugBot420.SemanticVerbs /workspace/grugbot420/src/SemanticVerbs.jl:181
 [3] lock(f::GrugBot420.SemanticVerbs.var"#5#6"{SubString{String}, SubString{String}}, l::ReentrantLock)
   @ Base ./lock.jl:229
 [4] add_synonym!(canonical::String, synonym::String)
   @ GrugBot420.SemanticVerbs /workspace/grugbot420/src/SemanticVerbs.jl:178
 [5] run_cli()
   @ GrugBot420 /workspace/grugbot420/src/Main.jl:6715
 [6] top-level scope
   @ none:1
 [7] eval
   @ ./boot.jl:385 [inlined]
 [8] exec_options(opts::Base.JLOptions)
   @ Base ./client.jl:291
 [9] _start()
   @ Base ./client.jl:552

Brain > 
🔍 THESAURUS COMPARISON
  Input 1  : "truth"  → seeds: actuality, fact, reality, validity
  Input 2  : "lie"
  Type     : word-word
  ─────────────────────────────
  Overall  : 0.0%  [NEGLIGIBLE]
  Semantic : 0.0%
  Context  : 50.0%
  Assoc    : 0.0%
  Confid.  : 90.0%


Brain > 
🔍 THESAURUS COMPARISON
  Input 1  : "love"
  Input 2  : "hate"
  Type     : word-word
  ─────────────────────────────
  Overall  : 0.0%  [NEGLIGIBLE]
  Semantic : 0.0%
  Context  : 50.0%
  Assoc    : 0.0%
  Confid.  : 90.0%


Brain > 
🔍 THESAURUS COMPARISON
  Input 1  : "fire"
  Input 2  : "water"  → seeds: beverage, drink, fluid, liquid
  Type     : word-word
  ─────────────────────────────
  Overall  : 0.0%  [NEGLIGIBLE]
  Semantic : 0.0%
  Context  : 50.0%
  Assoc    : 0.0%
  Confid.  : 90.0%


Brain > 🚫 Inhibition registered: 'lie'
   NegativeThesaurus size: 1 / 256

Brain > 🚫 Inhibition registered: 'hate'
   NegativeThesaurus size: 2 / 256

Brain > 🚫 Inhibition registered: 'cowardice'
   NegativeThesaurus size: 3 / 256

Brain > 📌 Grug pinned text to Memory Wall!

Brain > 📌 Grug pinned text to Memory Wall!

Brain > 📌 Grug pinned text to Memory Wall!

Brain > 📌 Grug pinned text to Memory Wall!

Brain > 📌 Grug pinned text to Memory Wall!

Brain > 👁  Arousal set to 0.5. Eye system updated.

Brain > ⚠  /sigil add: unknown option 'arithmetic' ignored. Use type=X | lexicon=a,b,c | promote=true.
🔮 Sigil &MATH_OP registered as :functor @ :match

Brain > ⚠  /sigil add: unknown option 'concept' ignored. Use type=X | lexicon=a,b,c | promote=true.
!!! /sigil add ERROR: SigilConfigError(":macro sigil &PHILOSOPHY_TERM requires a lexicon (use [] for empty/specimen-overridable)", "lexicon") !!!

Brain > ⚠  /sigil add: unknown option 'sentiment' ignored. Use type=X | lexicon=a,b,c | promote=true.
!!! /sigil add ERROR: SigilConfigError(":lambda sigil &EMOTION_MARK requires sigil_type (e.g. :number, :word, :slurp)", "sigil_type") !!!

Brain > !!! SYSTEM ERROR: ErrorException("!!! FATAL: Grug command bad format. Use /help to see all valid commands. !!!") !!!

Stacktrace:
 [1] error(s::String)
   @ Base ./error.jl:35
 [2] run_cli()
   @ GrugBot420 /workspace/grugbot420/src/Main.jl:7660
 [3] top-level scope
   @ none:1
 [4] eval
   @ ./boot.jl:385 [inlined]
 [5] exec_options(opts::Base.JLOptions)
   @ Base ./client.jl:291
 [6] _start()
   @ Base ./client.jl:552

Brain > !!! SYSTEM ERROR: ErrorException("!!! FATAL: Grug command bad format. Use /help to see all valid commands. !!!") !!!

Stacktrace:
 [1] error(s::String)
   @ Base ./error.jl:35
 [2] run_cli()
   @ GrugBot420 /workspace/grugbot420/src/Main.jl:7660
 [3] top-level scope
   @ none:1
 [4] eval
   @ ./boot.jl:385 [inlined]
 [5] exec_options(opts::Base.JLOptions)
   @ Base ./client.jl:291
 [6] _start()
   @ Base ./client.jl:552

Brain > !!! SYSTEM ERROR: ErrorException("!!! FATAL: Grug command bad format. Use /help to see all valid commands. !!!") !!!

Stacktrace:
 [1] error(s::String)
   @ Base ./error.jl:35
 [2] run_cli()
   @ GrugBot420 /workspace/grugbot420/src/Main.jl:7660
 [3] top-level scope
   @ none:1
 [4] eval
   @ ./boot.jl:385 [inlined]
 [5] exec_options(opts::Base.JLOptions)
   @ Base ./client.jl:291
 [6] _start()
   @ Base ./client.jl:552

Brain > 💎 Phase pull threshold set to 0.4

Brain > 💎 Phase surface count set to 4

Brain > !!! SYSTEM ERROR: ErrorException("!!! FATAL: Grug command bad format. Use /help to see all valid commands. !!!") !!!

Stacktrace:
 [1] error(s::String)
   @ Base ./error.jl:35
 [2] run_cli()
   @ GrugBot420 /workspace/grugbot420/src/Main.jl:7660
 [3] top-level scope
   @ none:1
 [4] eval
   @ ./boot.jl:385 [inlined]
 [5] exec_options(opts::Base.JLOptions)
   @ Base ./client.jl:291
 [6] _start()
   @ Base ./client.jl:552

Brain > !!! SYSTEM ERROR: ErrorException("!!! FATAL: Grug command bad format. Use /help to see all valid commands. !!!") !!!

Stacktrace:
 [1] error(s::String)
   @ Base ./error.jl:35
 [2] run_cli()
   @ GrugBot420 /workspace/grugbot420/src/Main.jl:7660
 [3] top-level scope
   @ none:1
 [4] eval
   @ ./boot.jl:385 [inlined]
 [5] exec_options(opts::Base.JLOptions)
   @ Base ./client.jl:291
 [6] _start()
   @ Base ./client.jl:552

Brain > !!! SYSTEM ERROR: ErrorException("!!! FATAL: Grug command bad format. Use /help to see all valid commands. !!!") !!!

Stacktrace:
 [1] error(s::String)
   @ Base ./error.jl:35
 [2] run_cli()
   @ GrugBot420 /workspace/grugbot420/src/Main.jl:7660
 [3] top-level scope
   @ none:1
 [4] eval
   @ ./boot.jl:385 [inlined]
 [5] exec_options(opts::Base.JLOptions)
   @ Base ./client.jl:291
 [6] _start()
   @ Base ./client.jl:552

Brain > !!! SYSTEM ERROR: ErrorException("!!! FATAL: Grug command bad format. Use /help to see all valid commands. !!!") !!!

Stacktrace:
 [1] error(s::String)
   @ Base ./error.jl:35
 [2] run_cli()
   @ GrugBot420 /workspace/grugbot420/src/Main.jl:7660
 [3] top-level scope
   @ none:1
 [4] eval
   @ ./boot.jl:385 [inlined]
 [5] exec_options(opts::Base.JLOptions)
   @ Base ./client.jl:291
 [6] _start()
   @ Base ./client.jl:552

Brain > !!! SYSTEM ERROR: ErrorException("!!! FATAL: Grug command bad format. Use /help to see all valid commands. !!!") !!!

Stacktrace:
 [1] error(s::String)
   @ Base ./error.jl:35
 [2] run_cli()
   @ GrugBot420 /workspace/grugbot420/src/Main.jl:7660
 [3] top-level scope
   @ none:1
 [4] eval
   @ ./boot.jl:385 [inlined]
 [5] exec_options(opts::Base.JLOptions)
   @ Base ./client.jl:291
 [6] _start()
   @ Base ./client.jl:552

Brain > !!! SYSTEM ERROR: ErrorException("!!! FATAL: Grug command bad format. Use /help to see all valid commands. !!!") !!!

Stacktrace:
 [1] error(s::String)
   @ Base ./error.jl:35
 [2] run_cli()
   @ GrugBot420 /workspace/grugbot420/src/Main.jl:7660
 [3] top-level scope
   @ none:1
 [4] eval
   @ ./boot.jl:385 [inlined]
 [5] exec_options(opts::Base.JLOptions)
   @ Base ./client.jl:291
 [6] _start()
   @ Base ./client.jl:552

Brain > --> Grug freezing entire cave to specimen file...
  💎 Phase accumulator saved: 0 snapshots in crystal
  ✂️  Decomposer config saved: 42 total entries across 6 fields

╔══════════════════════════════════════════════════════════════╗
║            🧊 SPECIMEN SAVED SUCCESSFULLY                    ║
╠══════════════════════════════════════════════════════════════╣
  📁  File             : specimens/analog_turing_v2.specimen.json
  📦  JSON size        : 121326 bytes
  📄  File size        : 121326 bytes (plain JSON)
  ⏱️   Time             : 0.46s
  ─────────────────────────────────────────────
  🌱  Nodes            : 7
  🧠  Lobes            : 9
  💎  Phase Accumulator      : 0 snapshots
  📋  Lobe tables      : 9
  ⚡  Hopfield entries  : 0
  ⚙️   Rules            : 12
  💬  Messages         : 48
  🔧  Verb classes     : 7
  🔤  Thesaurus words  : 499
  🚫  Inhibitions      : 3
  🔗  Attachments      : 0
  🔮  Trajectory entries : 0
  🕐  Temporal coherence : 0
  ⏳  Morph cooldowns    : 0
  🤖  AIML nodes       : 0
  🪄  Sigil entries    : 6
  ⚙️  Automaton rules  : 0
  🗳  Contributor votes : 0
  🎭  Tonal knobs      : saved
  👁   Arousal          : 0.5
╚══════════════════════════════════════════════════════════════╝

Brain > ╔══════════════════════════════════════════════════╗
║              GRUGBOT SYSTEM STATUS               ║
╠══════════════════════════════════════════════════╣
║  ENGINE                                          ║
  Nodes in cave   : 7
  Hopfield cache  : 0 entries
  Memory messages : 49
  Est. memory use : ~30 KB
  Trajectory buf  : 0 entries
  Temporal coher  : 0 entries
  Morph cooldowns : 0 active
  Current arousal : 0.5
  Last input ago  : 0.0s
║  LOBES                                           ║
  Lobes registered: 9
  Nodes in lobes  : 7
  Top lobe (fires): PhilosophyLobe (0 fires)
║  BRAINSTEM                                       ║
  Dispatches run  : 0
  Last winner     : none
  Propagations    : 0
  Is dispatching  : false
║  CHATTER                                         ║
  Chatter running : false
  Input queue     : 0 pending
  Sessions run    : 0
║  AIML NODE TRIBES                                ║
=== AIML NODE TRIBES (cycle=0) ===
  CreativeLobe | pop=0/6666 | live=0 | grave=0
  DreamLobe | pop=0/6666 | live=0 | grave=0
  EmotionLobe | pop=0/6666 | live=0 | grave=0
  MemoryLobe | pop=0/6666 | live=0 | grave=0
  PhilosophyLobe | pop=0/6666 | live=0 | grave=0
  ReasoningLobe | pop=0/6666 | live=0 | grave=0
  SocialLobe | pop=0/6666 | live=0 | grave=0
  SurvivalLobe | pop=0/6666 | live=0 | grave=0
║  EPHEMERAL MLP                                   ║
  Transforms      : 0
  Sigmoid / ReLU  : 0 / 0
  Last activation : sigmoid
  Novelty score   : 0.5
  Dir. quality    : 0.0
  Rules           : 0/0 enabled
  Right / Wrong   : 0 / 0
  Obs. threshold  : 5
  Observer count  : 0
  Adjustments     : GATED
╚══════════════════════════════════════════════════╝
║  MITOSIS (lazy fuzzy conservative stochastic)   ║
  Nodes grown     : 0
  Nodes latched   : 0
  Last event      : none
  Stochastic prob : 0.15
  Min pop gate    : 10
  Max pop cap     : 10000
  Cooldown cycles : 5
  Min warrant     : 0.5
╚══════════════════════════════════════════════════════════════╝

Brain > Mitosis: no events yet. Cave has not grown on its own.

Brain > [ATTACHMENT MAP EMPTY]

Brain > [GRUG] 👋 /quit received. Cave closes. Goodbye.
